Using pre-set license
Built from '2020.2/release' branch; Version is '2020.2.1f1 (270dd8c3da1c) revision 2559448'; Using compiler version '192528614'; Build Type 'Release'
OS: 'Windows 10  (10.0.0) 64bit' Language: 'es' Physical Memory: 16302 MB
BatchMode: 1, IsHumanControllingUs: 0, StartBugReporterOnCrash: 0, Is64bit: 1, IsPro: 0

 COMMAND LINE ARGUMENTS:
C:\Program Files\Unity\Hub\Editor\2020.2.1f1\Editor\Unity.exe
-adb2
-batchMode
-noUpm
-name
AssetImportWorker0
-projectPath
C:/Users/nacho/Desktop/UnityProjects/CursosUnity2020/Pong
-logFile
Logs/AssetImportWorker0.log
-srvPort
60323
Successfully changed project path to: C:/Users/nacho/Desktop/UnityProjects/CursosUnity2020/Pong
C:/Users/nacho/Desktop/UnityProjects/CursosUnity2020/Pong
Using Asset Import Pipeline V2.
Refreshing native plugins compatible for Editor in 30.67 ms, found 1 plugins.
Preloading 0 native plugins for Editor in 0.00 ms.
Initialize engine version: 2020.2.1f1 (270dd8c3da1c)
[Subsystems] Discovering subsystems at path C:/Program Files/Unity/Hub/Editor/2020.2.1f1/Editor/Data/Resources/UnitySubsystems
[Subsystems] Discovering subsystems at path C:/Users/nacho/Desktop/UnityProjects/CursosUnity2020/Pong/Assets
GfxDevice: creating device client; threaded=0
Direct3D:
    Version:  Direct3D 11.0 [level 11.1]
    Renderer: NVIDIA GeForce RTX 3080 (ID=0x2206)
    Vendor:   
    VRAM:     10078 MB
    Driver:   27.21.14.6647
Initialize mono
Mono path[0] = 'C:/Program Files/Unity/Hub/Editor/2020.2.1f1/Editor/Data/Managed'
Mono path[1] = 'C:/Program Files/Unity/Hub/Editor/2020.2.1f1/Editor/Data/MonoBleedingEdge/lib/mono/unityjit'
Mono config path = 'C:/Program Files/Unity/Hub/Editor/2020.2.1f1/Editor/Data/MonoBleedingEdge/etc'
Using monoOptions --debugger-agent=transport=dt_socket,embedding=1,server=y,suspend=n,address=127.0.0.1:56692
Begin MonoManager ReloadAssembly
Registering precompiled unity dll's ...
Register platform support module: C:/Program Files/Unity/Hub/Editor/2020.2.1f1/Editor/Data/PlaybackEngines/WindowsStandaloneSupport/UnityEditor.WindowsStandalone.Extensions.dll
Registered in 0.001274 seconds.
Native extension for WindowsStandalone target not found
Refreshing native plugins compatible for Editor in 25.58 ms, found 1 plugins.
Preloading 0 native plugins for Editor in 0.00 ms.
Invoked RoslynAnalysisRunner static constructor.
RoslynAnalysisRunner will not be running.
RoslynAnalysisRunner has terminated.
Mono: successfully reloaded assembly
- Completed reload, in  0.790 seconds
Platform modules already initialized, skipping
Registering precompiled user dll's ...
Registered in 0.000688 seconds.
Begin MonoManager ReloadAssembly
Native extension for WindowsStandalone target not found
Refreshing native plugins compatible for Editor in 26.10 ms, found 1 plugins.
Preloading 0 native plugins for Editor in 0.00 ms.
Invoked RoslynAnalysisRunner static constructor.
RoslynAnalysisRunner will not be running.
RoslynAnalysisRunner has terminated.
Mono: successfully reloaded assembly
- Completed reload, in  0.688 seconds
Platform modules already initialized, skipping
========================================================================
Worker process is ready to serve import requests
Launched and connected shader compiler UnityShaderCompiler.exe after 0.03 seconds
Refreshing native plugins compatible for Editor in 0.24 ms, found 1 plugins.
Preloading 0 native plugins for Editor in 0.00 ms.
Unloading 1787 Unused Serialized files (Serialized files now loaded: 0)
System memory in use before: 83.6 MB.
System memory in use after: 83.5 MB.

Unloading 24 unused Assets to reduce memory usage. Loaded Objects now: 2226.
Total: 1.466700 ms (FindLiveObjects: 0.199100 ms CreateObjectMapping: 0.065500 ms MarkObjects: 1.124800 ms  DeleteObjects: 0.076500 ms)

========================================================================
Received Import Request.
  path: Assets/pong.png
  artifactKey: Guid(4ed5d73cbbbd93f4fabe6b87a764657b) Importer(815301076,1909f56bfc062723c751e8b465ee728b)
Start importing Assets/pong.png using Guid(4ed5d73cbbbd93f4fabe6b87a764657b) Importer(815301076,1909f56bfc062723c751e8b465ee728b)  -> (artifact id: '62f5bfdff994ada742029e1ab9b73f0f') in 0.081835 seconds
  Import took 0.084101 seconds .

========================================================================
Received Import Request.
  Time since last request: 419.683475 seconds.
  path: Assets/_Scripts
  artifactKey: Guid(040a18bf7c04fcf4c82c08e6d3a5206f) Importer(815301076,1909f56bfc062723c751e8b465ee728b)
Start importing Assets/_Scripts using Guid(040a18bf7c04fcf4c82c08e6d3a5206f) Importer(815301076,1909f56bfc062723c751e8b465ee728b)  -> (artifact id: 'c70cff9c8aa761e698d52a283a3f7544') in 0.004932 seconds
  Import took 0.007340 seconds .

========================================================================
Received Prepare
Registering precompiled user dll's ...
Registered in 0.000698 seconds.
Begin MonoManager ReloadAssembly
Native extension for WindowsStandalone target not found
Refreshing native plugins compatible for Editor in 0.26 ms, found 1 plugins.
Preloading 0 native plugins for Editor in 0.00 ms.
Invoked RoslynAnalysisRunner static constructor.
RoslynAnalysisRunner will not be running.
RoslynAnalysisRunner has terminated.
Mono: successfully reloaded assembly
- Completed reload, in  0.619 seconds
Platform modules already initialized, skipping
Refreshing native plugins compatible for Editor in 0.33 ms, found 1 plugins.
Preloading 0 native plugins for Editor in 0.00 ms.
Unloading 1783 Unused Serialized files (Serialized files now loaded: 0)
System memory in use before: 86.7 MB.
System memory in use after: 86.7 MB.

Unloading 12 unused Assets to reduce memory usage. Loaded Objects now: 2236.
Total: 1.588100 ms (FindLiveObjects: 0.156200 ms CreateObjectMapping: 0.053100 ms MarkObjects: 1.297700 ms  DeleteObjects: 0.079900 ms)

========================================================================
Received Import Request.
  Time since last request: 7.004670 seconds.
  path: Assets/_Scripts/NewBehaviourScript.cs
  artifactKey: Guid(29d846792c00493429758edb8fb0786b) Importer(815301076,1909f56bfc062723c751e8b465ee728b)
Start importing Assets/_Scripts/NewBehaviourScript.cs using Guid(29d846792c00493429758edb8fb0786b) Importer(815301076,1909f56bfc062723c751e8b465ee728b)  -> (artifact id: '09bfbc57a703b953339ba0499d9bea0e') in 0.013877 seconds
  Import took 0.016317 seconds .

========================================================================
Received Prepare
Registering precompiled user dll's ...
Registered in 0.000613 seconds.
Begin MonoManager ReloadAssembly
Native extension for WindowsStandalone target not found
Refreshing native plugins compatible for Editor in 0.29 ms, found 1 plugins.
Preloading 0 native plugins for Editor in 0.00 ms.
Invoked RoslynAnalysisRunner static constructor.
RoslynAnalysisRunner will not be running.
RoslynAnalysisRunner has terminated.
Mono: successfully reloaded assembly
- Completed reload, in  0.595 seconds
Platform modules already initialized, skipping
Refreshing native plugins compatible for Editor in 0.24 ms, found 1 plugins.
Preloading 0 native plugins for Editor in 0.00 ms.
Unloading 1782 Unused Serialized files (Serialized files now loaded: 0)
System memory in use before: 86.8 MB.
System memory in use after: 86.8 MB.

Unloading 13 unused Assets to reduce memory usage. Loaded Objects now: 2238.
Total: 1.307000 ms (FindLiveObjects: 0.123300 ms CreateObjectMapping: 0.048500 ms MarkObjects: 1.070800 ms  DeleteObjects: 0.063700 ms)

========================================================================
Received Import Request.
  Time since last request: 16.893742 seconds.
  path: Assets/_Scripts/Paddle.cs
  artifactKey: Guid(36fe5375d2172504cbe85811e0083468) Importer(815301076,1909f56bfc062723c751e8b465ee728b)
Start importing Assets/_Scripts/Paddle.cs using Guid(36fe5375d2172504cbe85811e0083468) Importer(815301076,1909f56bfc062723c751e8b465ee728b)  -> (artifact id: '7b04a20117c1617460a53e2be57da819') in 0.007646 seconds
  Import took 0.009893 seconds .

========================================================================
Received Prepare
Registering precompiled user dll's ...
Registered in 0.000594 seconds.
Begin MonoManager ReloadAssembly
Native extension for WindowsStandalone target not found
Refreshing native plugins compatible for Editor in 0.25 ms, found 1 plugins.
Preloading 0 native plugins for Editor in 0.00 ms.
Invoked RoslynAnalysisRunner static constructor.
RoslynAnalysisRunner will not be running.
RoslynAnalysisRunner has terminated.
Mono: successfully reloaded assembly
- Completed reload, in  0.602 seconds
Platform modules already initialized, skipping
Refreshing native plugins compatible for Editor in 0.27 ms, found 1 plugins.
Preloading 0 native plugins for Editor in 0.00 ms.
Unloading 1783 Unused Serialized files (Serialized files now loaded: 0)
System memory in use before: 86.9 MB.
System memory in use after: 86.9 MB.

Unloading 12 unused Assets to reduce memory usage. Loaded Objects now: 2242.
Total: 1.344100 ms (FindLiveObjects: 0.142700 ms CreateObjectMapping: 0.055900 ms MarkObjects: 1.077700 ms  DeleteObjects: 0.067000 ms)

========================================================================
Received Import Request.
  Time since last request: 100.089342 seconds.
  path: Assets/_Scripts/Paddle.cs
  artifactKey: Guid(36fe5375d2172504cbe85811e0083468) Importer(815301076,1909f56bfc062723c751e8b465ee728b)
Start importing Assets/_Scripts/Paddle.cs using Guid(36fe5375d2172504cbe85811e0083468) Importer(815301076,1909f56bfc062723c751e8b465ee728b)  -> (artifact id: 'b580f798b93dca1c04dd203587797228') in 0.004307 seconds
  Import took 0.006745 seconds .

========================================================================
Received Import Request.
  Time since last request: 0.108130 seconds.
  path: Assets/_Scripts/Paddle.cs
  artifactKey: Guid(36fe5375d2172504cbe85811e0083468) Importer(815301076,1909f56bfc062723c751e8b465ee728b)
Start importing Assets/_Scripts/Paddle.cs using Guid(36fe5375d2172504cbe85811e0083468) Importer(815301076,1909f56bfc062723c751e8b465ee728b)  -> (artifact id: 'b580f798b93dca1c04dd203587797228') in 0.001511 seconds
  Import took 0.004142 seconds .

========================================================================
Received Import Request.
  Time since last request: 5.415552 seconds.
  path: Assets/_Scripts/Paddle.cs
  artifactKey: Guid(36fe5375d2172504cbe85811e0083468) Importer(815301076,1909f56bfc062723c751e8b465ee728b)
Start importing Assets/_Scripts/Paddle.cs using Guid(36fe5375d2172504cbe85811e0083468) Importer(815301076,1909f56bfc062723c751e8b465ee728b)  -> (artifact id: '2c2bc7d9de03ba5301f1e66b645710db') in 0.001979 seconds
  Import took 0.004560 seconds .

========================================================================
Received Prepare
Registering precompiled user dll's ...
Registered in 0.000718 seconds.
Begin MonoManager ReloadAssembly
Native extension for WindowsStandalone target not found
Refreshing native plugins compatible for Editor in 0.26 ms, found 1 plugins.
Preloading 0 native plugins for Editor in 0.00 ms.
Invoked RoslynAnalysisRunner static constructor.
RoslynAnalysisRunner will not be running.
RoslynAnalysisRunner has terminated.
Mono: successfully reloaded assembly
- Completed reload, in  0.603 seconds
Platform modules already initialized, skipping
Refreshing native plugins compatible for Editor in 0.24 ms, found 1 plugins.
Preloading 0 native plugins for Editor in 0.00 ms.
Unloading 1783 Unused Serialized files (Serialized files now loaded: 0)
System memory in use before: 87.0 MB.
System memory in use after: 87.0 MB.

Unloading 12 unused Assets to reduce memory usage. Loaded Objects now: 2245.
Total: 1.351000 ms (FindLiveObjects: 0.123600 ms CreateObjectMapping: 0.048100 ms MarkObjects: 1.117000 ms  DeleteObjects: 0.061700 ms)

========================================================================
Received Prepare
Registering precompiled user dll's ...
Registered in 0.000606 seconds.
Begin MonoManager ReloadAssembly
Native extension for WindowsStandalone target not found
Refreshing native plugins compatible for Editor in 0.25 ms, found 1 plugins.
Preloading 0 native plugins for Editor in 0.00 ms.
Invoked RoslynAnalysisRunner static constructor.
RoslynAnalysisRunner will not be running.
RoslynAnalysisRunner has terminated.
Mono: successfully reloaded assembly
- Completed reload, in  0.596 seconds
Platform modules already initialized, skipping
Refreshing native plugins compatible for Editor in 0.23 ms, found 1 plugins.
Preloading 0 native plugins for Editor in 0.00 ms.
Unloading 1783 Unused Serialized files (Serialized files now loaded: 0)
System memory in use before: 87.0 MB.
System memory in use after: 87.0 MB.

Unloading 12 unused Assets to reduce memory usage. Loaded Objects now: 2248.
Total: 1.283900 ms (FindLiveObjects: 0.117600 ms CreateObjectMapping: 0.046200 ms MarkObjects: 1.060500 ms  DeleteObjects: 0.059000 ms)

========================================================================
Received Import Request.
  Time since last request: 11.192909 seconds.
  path: Assets/_Scripts/Paddle.cs
  artifactKey: Guid(36fe5375d2172504cbe85811e0083468) Importer(815301076,1909f56bfc062723c751e8b465ee728b)
Start importing Assets/_Scripts/Paddle.cs using Guid(36fe5375d2172504cbe85811e0083468) Importer(815301076,1909f56bfc062723c751e8b465ee728b)  -> (artifact id: '318738b5c5cea150d90c6e499babb0f1') in 0.004523 seconds
  Import took 0.006344 seconds .

========================================================================
Received Prepare
Registering precompiled user dll's ...
Registered in 0.000658 seconds.
Begin MonoManager ReloadAssembly
Native extension for WindowsStandalone target not found
Refreshing native plugins compatible for Editor in 0.29 ms, found 1 plugins.
Preloading 0 native plugins for Editor in 0.00 ms.
Invoked RoslynAnalysisRunner static constructor.
RoslynAnalysisRunner will not be running.
RoslynAnalysisRunner has terminated.
Mono: successfully reloaded assembly
- Completed reload, in  0.624 seconds
Platform modules already initialized, skipping
Refreshing native plugins compatible for Editor in 0.25 ms, found 1 plugins.
Preloading 0 native plugins for Editor in 0.00 ms.
Unloading 1783 Unused Serialized files (Serialized files now loaded: 0)
System memory in use before: 87.1 MB.
System memory in use after: 87.1 MB.

Unloading 12 unused Assets to reduce memory usage. Loaded Objects now: 2251.
Total: 1.367500 ms (FindLiveObjects: 0.153400 ms CreateObjectMapping: 0.061200 ms MarkObjects: 1.086300 ms  DeleteObjects: 0.066100 ms)

========================================================================
Received Prepare
Registering precompiled user dll's ...
Registered in 0.000734 seconds.
Begin MonoManager ReloadAssembly
Native extension for WindowsStandalone target not found
Refreshing native plugins compatible for Editor in 0.26 ms, found 1 plugins.
Preloading 0 native plugins for Editor in 0.00 ms.
Invoked RoslynAnalysisRunner static constructor.
RoslynAnalysisRunner will not be running.
RoslynAnalysisRunner has terminated.
Mono: successfully reloaded assembly
- Completed reload, in  0.641 seconds
Platform modules already initialized, skipping
Refreshing native plugins compatible for Editor in 0.27 ms, found 1 plugins.
Preloading 0 native plugins for Editor in 0.00 ms.
Unloading 1783 Unused Serialized files (Serialized files now loaded: 0)
System memory in use before: 87.2 MB.
System memory in use after: 87.2 MB.

Unloading 12 unused Assets to reduce memory usage. Loaded Objects now: 2254.
Total: 1.749800 ms (FindLiveObjects: 0.149100 ms CreateObjectMapping: 0.068300 ms MarkObjects: 1.453400 ms  DeleteObjects: 0.078000 ms)

========================================================================
Received Prepare
Registering precompiled user dll's ...
Registered in 0.000707 seconds.
Begin MonoManager ReloadAssembly
Native extension for WindowsStandalone target not found
Refreshing native plugins compatible for Editor in 0.28 ms, found 1 plugins.
Preloading 0 native plugins for Editor in 0.00 ms.
Invoked RoslynAnalysisRunner static constructor.
RoslynAnalysisRunner will not be running.
RoslynAnalysisRunner has terminated.
Mono: successfully reloaded assembly
- Completed reload, in  0.664 seconds
Platform modules already initialized, skipping
Refreshing native plugins compatible for Editor in 0.32 ms, found 1 plugins.
Preloading 0 native plugins for Editor in 0.00 ms.
Unloading 1783 Unused Serialized files (Serialized files now loaded: 0)
System memory in use before: 87.2 MB.
System memory in use after: 87.2 MB.

Unloading 12 unused Assets to reduce memory usage. Loaded Objects now: 2257.
Total: 1.438500 ms (FindLiveObjects: 0.157400 ms CreateObjectMapping: 0.053900 ms MarkObjects: 1.157600 ms  DeleteObjects: 0.068400 ms)

========================================================================
Received Prepare
Registering precompiled user dll's ...
Registered in 0.000635 seconds.
Begin MonoManager ReloadAssembly
Native extension for WindowsStandalone target not found
Refreshing native plugins compatible for Editor in 0.25 ms, found 1 plugins.
Preloading 0 native plugins for Editor in 0.00 ms.
Invoked RoslynAnalysisRunner static constructor.
RoslynAnalysisRunner will not be running.
RoslynAnalysisRunner has terminated.
Mono: successfully reloaded assembly
- Completed reload, in  0.642 seconds
Platform modules already initialized, skipping
Refreshing native plugins compatible for Editor in 0.23 ms, found 1 plugins.
Preloading 0 native plugins for Editor in 0.00 ms.
Unloading 1783 Unused Serialized files (Serialized files now loaded: 0)
System memory in use before: 87.3 MB.
System memory in use after: 87.3 MB.

Unloading 12 unused Assets to reduce memory usage. Loaded Objects now: 2260.
Total: 1.441400 ms (FindLiveObjects: 0.163500 ms CreateObjectMapping: 0.054900 ms MarkObjects: 1.154600 ms  DeleteObjects: 0.067500 ms)

========================================================================
Received Prepare
Registering precompiled user dll's ...
Registered in 0.000678 seconds.
Begin MonoManager ReloadAssembly
Native extension for WindowsStandalone target not found
Refreshing native plugins compatible for Editor in 0.27 ms, found 1 plugins.
Preloading 0 native plugins for Editor in 0.00 ms.
Invoked RoslynAnalysisRunner static constructor.
RoslynAnalysisRunner will not be running.
RoslynAnalysisRunner has terminated.
Mono: successfully reloaded assembly
- Completed reload, in  0.666 seconds
Platform modules already initialized, skipping
Refreshing native plugins compatible for Editor in 0.31 ms, found 1 plugins.
Preloading 0 native plugins for Editor in 0.00 ms.
Unloading 1783 Unused Serialized files (Serialized files now loaded: 0)
System memory in use before: 87.4 MB.
System memory in use after: 87.4 MB.

Unloading 12 unused Assets to reduce memory usage. Loaded Objects now: 2263.
Total: 1.360100 ms (FindLiveObjects: 0.135700 ms CreateObjectMapping: 0.052200 ms MarkObjects: 1.103800 ms  DeleteObjects: 0.067600 ms)

========================================================================
Received Prepare
Registering precompiled user dll's ...
Registered in 0.000674 seconds.
Begin MonoManager ReloadAssembly
Native extension for WindowsStandalone target not found
Refreshing native plugins compatible for Editor in 0.26 ms, found 1 plugins.
Preloading 0 native plugins for Editor in 0.00 ms.
Invoked RoslynAnalysisRunner static constructor.
RoslynAnalysisRunner will not be running.
RoslynAnalysisRunner has terminated.
Mono: successfully reloaded assembly
- Completed reload, in  0.633 seconds
Platform modules already initialized, skipping
Refreshing native plugins compatible for Editor in 0.25 ms, found 1 plugins.
Preloading 0 native plugins for Editor in 0.00 ms.
Unloading 1783 Unused Serialized files (Serialized files now loaded: 0)
System memory in use before: 87.4 MB.
System memory in use after: 87.4 MB.

Unloading 12 unused Assets to reduce memory usage. Loaded Objects now: 2266.
Total: 1.363700 ms (FindLiveObjects: 0.163000 ms CreateObjectMapping: 0.054700 ms MarkObjects: 1.081500 ms  DeleteObjects: 0.063800 ms)

========================================================================
Received Prepare
Registering precompiled user dll's ...
Registered in 0.000650 seconds.
Begin MonoManager ReloadAssembly
Native extension for WindowsStandalone target not found
Refreshing native plugins compatible for Editor in 0.26 ms, found 1 plugins.
Preloading 0 native plugins for Editor in 0.00 ms.
Invoked RoslynAnalysisRunner static constructor.
RoslynAnalysisRunner will not be running.
RoslynAnalysisRunner has terminated.
Mono: successfully reloaded assembly
- Completed reload, in  0.602 seconds
Platform modules already initialized, skipping
Refreshing native plugins compatible for Editor in 0.25 ms, found 1 plugins.
Preloading 0 native plugins for Editor in 0.00 ms.
Unloading 1783 Unused Serialized files (Serialized files now loaded: 0)
System memory in use before: 87.5 MB.
System memory in use after: 87.5 MB.

Unloading 12 unused Assets to reduce memory usage. Loaded Objects now: 2269.
Total: 1.452700 ms (FindLiveObjects: 0.190500 ms CreateObjectMapping: 0.072900 ms MarkObjects: 1.121300 ms  DeleteObjects: 0.067300 ms)

========================================================================
Received Prepare
Registering precompiled user dll's ...
Registered in 0.000640 seconds.
Begin MonoManager ReloadAssembly
Native extension for WindowsStandalone target not found
Refreshing native plugins compatible for Editor in 0.25 ms, found 1 plugins.
Preloading 0 native plugins for Editor in 0.00 ms.
Invoked RoslynAnalysisRunner static constructor.
RoslynAnalysisRunner will not be running.
RoslynAnalysisRunner has terminated.
Mono: successfully reloaded assembly
- Completed reload, in  0.599 seconds
Platform modules already initialized, skipping
Refreshing native plugins compatible for Editor in 0.24 ms, found 1 plugins.
Preloading 0 native plugins for Editor in 0.00 ms.
Unloading 1783 Unused Serialized files (Serialized files now loaded: 0)
System memory in use before: 87.6 MB.
System memory in use after: 87.6 MB.

Unloading 12 unused Assets to reduce memory usage. Loaded Objects now: 2272.
Total: 1.309400 ms (FindLiveObjects: 0.125900 ms CreateObjectMapping: 0.045000 ms MarkObjects: 1.075600 ms  DeleteObjects: 0.062100 ms)

========================================================================
Received Prepare
Registering precompiled user dll's ...
Registered in 0.000652 seconds.
Begin MonoManager ReloadAssembly
Native extension for WindowsStandalone target not found
Refreshing native plugins compatible for Editor in 0.25 ms, found 1 plugins.
Preloading 0 native plugins for Editor in 0.00 ms.
Invoked RoslynAnalysisRunner static constructor.
RoslynAnalysisRunner will not be running.
RoslynAnalysisRunner has terminated.
Mono: successfully reloaded assembly
- Completed reload, in  0.601 seconds
Platform modules already initialized, skipping
Refreshing native plugins compatible for Editor in 0.25 ms, found 1 plugins.
Preloading 0 native plugins for Editor in 0.00 ms.
Unloading 1783 Unused Serialized files (Serialized files now loaded: 0)
System memory in use before: 87.6 MB.
System memory in use after: 87.6 MB.

Unloading 12 unused Assets to reduce memory usage. Loaded Objects now: 2275.
Total: 1.607000 ms (FindLiveObjects: 0.174600 ms CreateObjectMapping: 0.059900 ms MarkObjects: 1.291600 ms  DeleteObjects: 0.079900 ms)

========================================================================
Received Import Request.
  Time since last request: 238.280040 seconds.
  path: Assets/_Scripts/Ball.cs
  artifactKey: Guid(1269f3d462942bb449ed1f6ffacc05a3) Importer(815301076,1909f56bfc062723c751e8b465ee728b)
Start importing Assets/_Scripts/Ball.cs using Guid(1269f3d462942bb449ed1f6ffacc05a3) Importer(815301076,1909f56bfc062723c751e8b465ee728b)  -> (artifact id: '1e6eed4a31f84faaf7288bce6783bbea') in 0.007146 seconds
  Import took 0.009270 seconds .

========================================================================
Received Prepare
Registering precompiled user dll's ...
Registered in 0.000647 seconds.
Begin MonoManager ReloadAssembly
Native extension for WindowsStandalone target not found
Refreshing native plugins compatible for Editor in 0.28 ms, found 1 plugins.
Preloading 0 native plugins for Editor in 0.00 ms.
Invoked RoslynAnalysisRunner static constructor.
RoslynAnalysisRunner will not be running.
RoslynAnalysisRunner has terminated.
Mono: successfully reloaded assembly
- Completed reload, in  0.629 seconds
Platform modules already initialized, skipping
Refreshing native plugins compatible for Editor in 0.28 ms, found 1 plugins.
Preloading 0 native plugins for Editor in 0.00 ms.
Unloading 1784 Unused Serialized files (Serialized files now loaded: 0)
System memory in use before: 87.7 MB.
System memory in use after: 87.7 MB.

Unloading 12 unused Assets to reduce memory usage. Loaded Objects now: 2279.
Total: 1.792400 ms (FindLiveObjects: 0.283300 ms CreateObjectMapping: 0.091200 ms MarkObjects: 1.332400 ms  DeleteObjects: 0.083600 ms)

========================================================================
Received Prepare
Registering precompiled user dll's ...
Registered in 0.000792 seconds.
Begin MonoManager ReloadAssembly
Native extension for WindowsStandalone target not found
Refreshing native plugins compatible for Editor in 0.25 ms, found 1 plugins.
Preloading 0 native plugins for Editor in 0.00 ms.
Invoked RoslynAnalysisRunner static constructor.
RoslynAnalysisRunner will not be running.
RoslynAnalysisRunner has terminated.
Mono: successfully reloaded assembly
- Completed reload, in  0.610 seconds
Platform modules already initialized, skipping
Refreshing native plugins compatible for Editor in 0.23 ms, found 1 plugins.
Preloading 0 native plugins for Editor in 0.00 ms.
Unloading 1784 Unused Serialized files (Serialized files now loaded: 0)
System memory in use before: 87.8 MB.
System memory in use after: 87.8 MB.

Unloading 12 unused Assets to reduce memory usage. Loaded Objects now: 2282.
Total: 1.338300 ms (FindLiveObjects: 0.166100 ms CreateObjectMapping: 0.054200 ms MarkObjects: 1.056000 ms  DeleteObjects: 0.061200 ms)

========================================================================
Received Import Request.
  Time since last request: 22.054493 seconds.
  path: Assets/_Scripts/Ball.cs
  artifactKey: Guid(1269f3d462942bb449ed1f6ffacc05a3) Importer(815301076,1909f56bfc062723c751e8b465ee728b)
Start importing Assets/_Scripts/Ball.cs using Guid(1269f3d462942bb449ed1f6ffacc05a3) Importer(815301076,1909f56bfc062723c751e8b465ee728b)  -> (artifact id: '38a4701a072f67b0b23f2b331e52e7ba') in 0.003930 seconds
  Import took 0.006247 seconds .

========================================================================
Received Import Request.
  Time since last request: 16.597698 seconds.
  path: Assets/_Scripts/Ball.cs
  artifactKey: Guid(1269f3d462942bb449ed1f6ffacc05a3) Importer(815301076,1909f56bfc062723c751e8b465ee728b)
Start importing Assets/_Scripts/Ball.cs using Guid(1269f3d462942bb449ed1f6ffacc05a3) Importer(815301076,1909f56bfc062723c751e8b465ee728b)  -> (artifact id: '80ced28bddcb86d3133ee0e97ff6312b') in 0.001580 seconds
  Import took 0.003710 seconds .

========================================================================
Received Import Request.
  Time since last request: 0.099894 seconds.
  path: Assets/_Scripts/Ball.cs
  artifactKey: Guid(1269f3d462942bb449ed1f6ffacc05a3) Importer(815301076,1909f56bfc062723c751e8b465ee728b)
Start importing Assets/_Scripts/Ball.cs using Guid(1269f3d462942bb449ed1f6ffacc05a3) Importer(815301076,1909f56bfc062723c751e8b465ee728b)  -> (artifact id: '80ced28bddcb86d3133ee0e97ff6312b') in 0.001530 seconds
  Import took 0.003730 seconds .

========================================================================
Received Import Request.
  Time since last request: 42.507984 seconds.
  path: Assets/_Scripts/Ball.cs
  artifactKey: Guid(1269f3d462942bb449ed1f6ffacc05a3) Importer(815301076,1909f56bfc062723c751e8b465ee728b)
Start importing Assets/_Scripts/Ball.cs using Guid(1269f3d462942bb449ed1f6ffacc05a3) Importer(815301076,1909f56bfc062723c751e8b465ee728b)  -> (artifact id: 'b8b81ed766705d0e4e37a1f42ad7c841') in 0.001525 seconds
  Import took 0.003565 seconds .

========================================================================
Received Import Request.
  Time since last request: 0.013773 seconds.
  path: Assets/_Scripts/Ball.cs
  artifactKey: Guid(1269f3d462942bb449ed1f6ffacc05a3) Importer(815301076,1909f56bfc062723c751e8b465ee728b)
Start importing Assets/_Scripts/Ball.cs using Guid(1269f3d462942bb449ed1f6ffacc05a3) Importer(815301076,1909f56bfc062723c751e8b465ee728b)  -> (artifact id: 'b8b81ed766705d0e4e37a1f42ad7c841') in 0.001738 seconds
  Import took 0.004102 seconds .

========================================================================
Received Import Request.
  Time since last request: 1.618630 seconds.
  path: Assets/_Scripts/Ball.cs
  artifactKey: Guid(1269f3d462942bb449ed1f6ffacc05a3) Importer(815301076,1909f56bfc062723c751e8b465ee728b)
Start importing Assets/_Scripts/Ball.cs using Guid(1269f3d462942bb449ed1f6ffacc05a3) Importer(815301076,1909f56bfc062723c751e8b465ee728b)  -> (artifact id: '52fcab841956776880a0d414155fb8ef') in 0.001883 seconds
  Import took 0.004013 seconds .

========================================================================
Received Import Request.
  Time since last request: 0.012665 seconds.
  path: Assets/_Scripts/Ball.cs
  artifactKey: Guid(1269f3d462942bb449ed1f6ffacc05a3) Importer(815301076,1909f56bfc062723c751e8b465ee728b)
Start importing Assets/_Scripts/Ball.cs using Guid(1269f3d462942bb449ed1f6ffacc05a3) Importer(815301076,1909f56bfc062723c751e8b465ee728b)  -> (artifact id: '52fcab841956776880a0d414155fb8ef') in 0.001675 seconds
  Import took 0.004188 seconds .

========================================================================
Received Prepare
Registering precompiled user dll's ...
Registered in 0.000901 seconds.
Begin MonoManager ReloadAssembly
Native extension for WindowsStandalone target not found
Refreshing native plugins compatible for Editor in 0.25 ms, found 1 plugins.
Preloading 0 native plugins for Editor in 0.00 ms.
Invoked RoslynAnalysisRunner static constructor.
RoslynAnalysisRunner will not be running.
RoslynAnalysisRunner has terminated.
Mono: successfully reloaded assembly
- Completed reload, in  0.615 seconds
Platform modules already initialized, skipping
Refreshing native plugins compatible for Editor in 0.26 ms, found 1 plugins.
Preloading 0 native plugins for Editor in 0.00 ms.
Unloading 1784 Unused Serialized files (Serialized files now loaded: 0)
System memory in use before: 87.9 MB.
System memory in use after: 87.9 MB.

Unloading 12 unused Assets to reduce memory usage. Loaded Objects now: 2285.
Total: 1.377700 ms (FindLiveObjects: 0.172400 ms CreateObjectMapping: 0.060500 ms MarkObjects: 1.079000 ms  DeleteObjects: 0.064900 ms)

========================================================================
Received Prepare
Registering precompiled user dll's ...
Registered in 0.000619 seconds.
Begin MonoManager ReloadAssembly
Native extension for WindowsStandalone target not found
Refreshing native plugins compatible for Editor in 0.25 ms, found 1 plugins.
Preloading 0 native plugins for Editor in 0.00 ms.
Invoked RoslynAnalysisRunner static constructor.
RoslynAnalysisRunner will not be running.
RoslynAnalysisRunner has terminated.
Mono: successfully reloaded assembly
- Completed reload, in  0.594 seconds
Platform modules already initialized, skipping
Refreshing native plugins compatible for Editor in 0.25 ms, found 1 plugins.
Preloading 0 native plugins for Editor in 0.00 ms.
Unloading 1784 Unused Serialized files (Serialized files now loaded: 0)
System memory in use before: 87.9 MB.
System memory in use after: 87.9 MB.

Unloading 12 unused Assets to reduce memory usage. Loaded Objects now: 2288.
Total: 1.331000 ms (FindLiveObjects: 0.133100 ms CreateObjectMapping: 0.049800 ms MarkObjects: 1.079600 ms  DeleteObjects: 0.067700 ms)

========================================================================
Received Prepare
Registering precompiled user dll's ...
Registered in 0.000716 seconds.
Begin MonoManager ReloadAssembly
Native extension for WindowsStandalone target not found
Refreshing native plugins compatible for Editor in 0.25 ms, found 1 plugins.
Preloading 0 native plugins for Editor in 0.00 ms.
Invoked RoslynAnalysisRunner static constructor.
RoslynAnalysisRunner will not be running.
RoslynAnalysisRunner has terminated.
Mono: successfully reloaded assembly
- Completed reload, in  0.596 seconds
Platform modules already initialized, skipping
Refreshing native plugins compatible for Editor in 0.25 ms, found 1 plugins.
Preloading 0 native plugins for Editor in 0.00 ms.
Unloading 1784 Unused Serialized files (Serialized files now loaded: 0)
System memory in use before: 88.0 MB.
System memory in use after: 88.0 MB.

Unloading 12 unused Assets to reduce memory usage. Loaded Objects now: 2291.
Total: 1.425200 ms (FindLiveObjects: 0.161600 ms CreateObjectMapping: 0.057200 ms MarkObjects: 1.135200 ms  DeleteObjects: 0.070300 ms)

========================================================================
Received Import Request.
  Time since last request: 46.461415 seconds.
  path: Assets/Material
  artifactKey: Guid(dd9c6ed708994904084b1f2f59ee08c4) Importer(815301076,1909f56bfc062723c751e8b465ee728b)
Start importing Assets/Material using Guid(dd9c6ed708994904084b1f2f59ee08c4) Importer(815301076,1909f56bfc062723c751e8b465ee728b)  -> (artifact id: 'e27d250b0fdcb530b93a549c78f58a90') in 0.006685 seconds
  Import took 0.008760 seconds .

========================================================================
Received Import Request.
  Time since last request: 18.350321 seconds.
  path: Assets/Material/BounceBall.physicMaterial
  artifactKey: Guid(368999fd24169f448a19f17ca1c5dfa9) Importer(815301076,1909f56bfc062723c751e8b465ee728b)
Start importing Assets/Material/BounceBall.physicMaterial using Guid(368999fd24169f448a19f17ca1c5dfa9) Importer(815301076,1909f56bfc062723c751e8b465ee728b)  -> (artifact id: '5ad182140f9bce65115c6fae0e7c5a60') in 0.011242 seconds
  Import took 0.013337 seconds .

========================================================================
Received Import Request.
  Time since last request: 31.009484 seconds.
  path: Assets/Material/BounceBall.physicsMaterial2D
  artifactKey: Guid(7a8b18536e2111e47ada9da52bb68709) Importer(815301076,1909f56bfc062723c751e8b465ee728b)
Start importing Assets/Material/BounceBall.physicsMaterial2D using Guid(7a8b18536e2111e47ada9da52bb68709) Importer(815301076,1909f56bfc062723c751e8b465ee728b)  -> (artifact id: '0198a73eb0be7d4c7436119d1e8f9068') in 0.002700 seconds
  Import took 0.004715 seconds .

========================================================================
Received Import Request.
  Time since last request: 3.635598 seconds.
  path: Assets/Material/BounceBall.physicsMaterial2D
  artifactKey: Guid(7a8b18536e2111e47ada9da52bb68709) Importer(815301076,1909f56bfc062723c751e8b465ee728b)
Start importing Assets/Material/BounceBall.physicsMaterial2D using Guid(7a8b18536e2111e47ada9da52bb68709) Importer(815301076,1909f56bfc062723c751e8b465ee728b)  -> (artifact id: 'e7e5c347f71fbfe6314d038ec0dc344f') in 0.001943 seconds
  Import took 0.004046 seconds .

========================================================================
Received Prepare
Registering precompiled user dll's ...
Registered in 0.000603 seconds.
Begin MonoManager ReloadAssembly
Native extension for WindowsStandalone target not found
Refreshing native plugins compatible for Editor in 0.25 ms, found 1 plugins.
Preloading 0 native plugins for Editor in 0.00 ms.
Invoked RoslynAnalysisRunner static constructor.
RoslynAnalysisRunner will not be running.
RoslynAnalysisRunner has terminated.
Mono: successfully reloaded assembly
- Completed reload, in  0.598 seconds
Platform modules already initialized, skipping
Refreshing native plugins compatible for Editor in 0.25 ms, found 1 plugins.
Preloading 0 native plugins for Editor in 0.00 ms.
Unloading 1784 Unused Serialized files (Serialized files now loaded: 0)
System memory in use before: 88.1 MB.
System memory in use after: 88.1 MB.

Unloading 12 unused Assets to reduce memory usage. Loaded Objects now: 2294.
Total: 1.387100 ms (FindLiveObjects: 0.146300 ms CreateObjectMapping: 0.051800 ms MarkObjects: 1.119400 ms  DeleteObjects: 0.068700 ms)

========================================================================
Received Import Request.
  Time since last request: 48.177992 seconds.
  path: Assets/UI
  artifactKey: Guid(6627f7c09dd6aad45b9debf391d8dd15) Importer(815301076,1909f56bfc062723c751e8b465ee728b)
Start importing Assets/UI using Guid(6627f7c09dd6aad45b9debf391d8dd15) Importer(815301076,1909f56bfc062723c751e8b465ee728b)  -> (artifact id: '0816a4192c7bfe1fc3c54a5c1da2f1ce') in 0.006756 seconds
  Import took 0.008837 seconds .

========================================================================
Received Prepare
Registering precompiled user dll's ...
Registered in 0.000638 seconds.
Begin MonoManager ReloadAssembly
Native extension for WindowsStandalone target not found
Refreshing native plugins compatible for Editor in 0.26 ms, found 1 plugins.
Preloading 0 native plugins for Editor in 0.00 ms.
Invoked RoslynAnalysisRunner static constructor.
RoslynAnalysisRunner will not be running.
RoslynAnalysisRunner has terminated.
Mono: successfully reloaded assembly
- Completed reload, in  0.594 seconds
Platform modules already initialized, skipping
Refreshing native plugins compatible for Editor in 0.26 ms, found 1 plugins.
Preloading 0 native plugins for Editor in 0.00 ms.
Unloading 1797 Unused Serialized files (Serialized files now loaded: 0)
System memory in use before: 89.8 MB.
System memory in use after: 89.2 MB.

Unloading 25 unused Assets to reduce memory usage. Loaded Objects now: 2297.
Total: 1.580100 ms (FindLiveObjects: 0.151400 ms CreateObjectMapping: 0.060300 ms MarkObjects: 1.122500 ms  DeleteObjects: 0.245000 ms)

========================================================================
Received Prepare
Registering precompiled user dll's ...
Registered in 0.000652 seconds.
Begin MonoManager ReloadAssembly
Native extension for WindowsStandalone target not found
Refreshing native plugins compatible for Editor in 0.27 ms, found 1 plugins.
Preloading 0 native plugins for Editor in 0.00 ms.
Invoked RoslynAnalysisRunner static constructor.
RoslynAnalysisRunner will not be running.
RoslynAnalysisRunner has terminated.
Mono: successfully reloaded assembly
- Completed reload, in  0.603 seconds
Platform modules already initialized, skipping
Refreshing native plugins compatible for Editor in 0.25 ms, found 1 plugins.
Preloading 0 native plugins for Editor in 0.00 ms.
Unloading 1797 Unused Serialized files (Serialized files now loaded: 0)
System memory in use before: 89.8 MB.
System memory in use after: 89.3 MB.

Unloading 25 unused Assets to reduce memory usage. Loaded Objects now: 2300.
Total: 1.651900 ms (FindLiveObjects: 0.151500 ms CreateObjectMapping: 0.069500 ms MarkObjects: 1.152800 ms  DeleteObjects: 0.277400 ms)

========================================================================
Received Prepare
Registering precompiled user dll's ...
Registered in 0.000612 seconds.
Begin MonoManager ReloadAssembly
Native extension for WindowsStandalone target not found
Refreshing native plugins compatible for Editor in 0.25 ms, found 1 plugins.
Preloading 0 native plugins for Editor in 0.00 ms.
Invoked RoslynAnalysisRunner static constructor.
RoslynAnalysisRunner will not be running.
RoslynAnalysisRunner has terminated.
Mono: successfully reloaded assembly
- Completed reload, in  0.601 seconds
Platform modules already initialized, skipping
Refreshing native plugins compatible for Editor in 0.24 ms, found 1 plugins.
Preloading 0 native plugins for Editor in 0.00 ms.
Unloading 1798 Unused Serialized files (Serialized files now loaded: 0)
System memory in use before: 90.0 MB.
System memory in use after: 89.4 MB.

Unloading 25 unused Assets to reduce memory usage. Loaded Objects now: 2304.
Total: 1.547700 ms (FindLiveObjects: 0.158900 ms CreateObjectMapping: 0.058400 ms MarkObjects: 1.083300 ms  DeleteObjects: 0.246400 ms)

========================================================================
Received Prepare
Registering precompiled user dll's ...
Registered in 0.000594 seconds.
Begin MonoManager ReloadAssembly
Native extension for WindowsStandalone target not found
Refreshing native plugins compatible for Editor in 0.25 ms, found 1 plugins.
Preloading 0 native plugins for Editor in 0.00 ms.
Invoked RoslynAnalysisRunner static constructor.
RoslynAnalysisRunner will not be running.
RoslynAnalysisRunner has terminated.
Mono: successfully reloaded assembly
- Completed reload, in  0.612 seconds
Platform modules already initialized, skipping
Refreshing native plugins compatible for Editor in 0.23 ms, found 1 plugins.
Preloading 0 native plugins for Editor in 0.00 ms.
Unloading 1798 Unused Serialized files (Serialized files now loaded: 0)
System memory in use before: 90.0 MB.
System memory in use after: 89.4 MB.

Unloading 25 unused Assets to reduce memory usage. Loaded Objects now: 2307.
Total: 1.684400 ms (FindLiveObjects: 0.135600 ms CreateObjectMapping: 0.052900 ms MarkObjects: 1.210200 ms  DeleteObjects: 0.285100 ms)

========================================================================
Received Import Request.
  Time since last request: 259.134584 seconds.
  path: Assets/_Scripts/GameManager.cs
  artifactKey: Guid(5d09b17208f039a44a9b52bcfcc26294) Importer(815301076,1909f56bfc062723c751e8b465ee728b)
Start importing Assets/_Scripts/GameManager.cs using Guid(5d09b17208f039a44a9b52bcfcc26294) Importer(815301076,1909f56bfc062723c751e8b465ee728b)  -> (artifact id: 'c2bce3816e59478e571bc08a98413c80') in 0.006813 seconds
  Import took 0.008900 seconds .

========================================================================
Received Import Request.
  Time since last request: 70.731662 seconds.
  path: Assets/_Scripts/GameManager.cs
  artifactKey: Guid(5d09b17208f039a44a9b52bcfcc26294) Importer(815301076,1909f56bfc062723c751e8b465ee728b)
Start importing Assets/_Scripts/GameManager.cs using Guid(5d09b17208f039a44a9b52bcfcc26294) Importer(815301076,1909f56bfc062723c751e8b465ee728b)  -> (artifact id: '50e86cb536a68e271c48a96680bda43f') in 0.001616 seconds
  Import took 0.003695 seconds .

========================================================================
Received Prepare
Registering precompiled user dll's ...
Registered in 0.000635 seconds.
Begin MonoManager ReloadAssembly
Native extension for WindowsStandalone target not found
Refreshing native plugins compatible for Editor in 0.27 ms, found 1 plugins.
Preloading 0 native plugins for Editor in 0.00 ms.
Invoked RoslynAnalysisRunner static constructor.
RoslynAnalysisRunner will not be running.
RoslynAnalysisRunner has terminated.
Mono: successfully reloaded assembly
- Completed reload, in  0.627 seconds
Platform modules already initialized, skipping
Refreshing native plugins compatible for Editor in 0.25 ms, found 1 plugins.
Preloading 0 native plugins for Editor in 0.00 ms.
Unloading 1798 Unused Serialized files (Serialized files now loaded: 0)
System memory in use before: 90.1 MB.
System memory in use after: 89.5 MB.

Unloading 25 unused Assets to reduce memory usage. Loaded Objects now: 2310.
Total: 1.548500 ms (FindLiveObjects: 0.140800 ms CreateObjectMapping: 0.053600 ms MarkObjects: 1.095900 ms  DeleteObjects: 0.257500 ms)

========================================================================
Received Import Request.
  Time since last request: 98.049733 seconds.
  path: Assets/_Scripts/GameManager.cs
  artifactKey: Guid(5d09b17208f039a44a9b52bcfcc26294) Importer(815301076,1909f56bfc062723c751e8b465ee728b)
Start importing Assets/_Scripts/GameManager.cs using Guid(5d09b17208f039a44a9b52bcfcc26294) Importer(815301076,1909f56bfc062723c751e8b465ee728b)  -> (artifact id: '50f582b38f995011836b4f05850dad32') in 0.003689 seconds
  Import took 0.006235 seconds .

========================================================================
Received Import Request.
  Time since last request: 14.488594 seconds.
  path: Assets/_Scripts/GameManager.cs
  artifactKey: Guid(5d09b17208f039a44a9b52bcfcc26294) Importer(815301076,1909f56bfc062723c751e8b465ee728b)
Start importing Assets/_Scripts/GameManager.cs using Guid(5d09b17208f039a44a9b52bcfcc26294) Importer(815301076,1909f56bfc062723c751e8b465ee728b)  -> (artifact id: 'f6ef978aec879cbb3e6fc4e1335f4ba1') in 0.001557 seconds
  Import took 0.003799 seconds .

========================================================================
Received Import Request.
  Time since last request: 55.806522 seconds.
  path: Assets/_Scripts/GameManager.cs
  artifactKey: Guid(5d09b17208f039a44a9b52bcfcc26294) Importer(815301076,1909f56bfc062723c751e8b465ee728b)
Start importing Assets/_Scripts/GameManager.cs using Guid(5d09b17208f039a44a9b52bcfcc26294) Importer(815301076,1909f56bfc062723c751e8b465ee728b)  -> (artifact id: 'ae37014e28aea96dfe5fbdd5c1212f4e') in 0.002042 seconds
  Import took 0.004372 seconds .

========================================================================
Received Import Request.
  Time since last request: 0.078066 seconds.
  path: Assets/_Scripts/GameManager.cs
  artifactKey: Guid(5d09b17208f039a44a9b52bcfcc26294) Importer(815301076,1909f56bfc062723c751e8b465ee728b)
Start importing Assets/_Scripts/GameManager.cs using Guid(5d09b17208f039a44a9b52bcfcc26294) Importer(815301076,1909f56bfc062723c751e8b465ee728b)  -> (artifact id: 'ae37014e28aea96dfe5fbdd5c1212f4e') in 0.001654 seconds
  Import took 0.003867 seconds .

========================================================================
Received Import Request.
  Time since last request: 23.938145 seconds.
  path: Assets/_Scripts/GameManager.cs
  artifactKey: Guid(5d09b17208f039a44a9b52bcfcc26294) Importer(815301076,1909f56bfc062723c751e8b465ee728b)
Start importing Assets/_Scripts/GameManager.cs using Guid(5d09b17208f039a44a9b52bcfcc26294) Importer(815301076,1909f56bfc062723c751e8b465ee728b)  -> (artifact id: '92d92b89958999c0ddc47934cd4743f9') in 0.002746 seconds
  Import took 0.005197 seconds .

========================================================================
Received Prepare
Registering precompiled user dll's ...
Registered in 0.000674 seconds.
Begin MonoManager ReloadAssembly
Native extension for WindowsStandalone target not found
Refreshing native plugins compatible for Editor in 0.25 ms, found 1 plugins.
Preloading 0 native plugins for Editor in 0.00 ms.
Invoked RoslynAnalysisRunner static constructor.
RoslynAnalysisRunner will not be running.
RoslynAnalysisRunner has terminated.
Mono: successfully reloaded assembly
- Completed reload, in  0.596 seconds
Platform modules already initialized, skipping
Refreshing native plugins compatible for Editor in 0.26 ms, found 1 plugins.
Preloading 0 native plugins for Editor in 0.00 ms.
Unloading 1798 Unused Serialized files (Serialized files now loaded: 0)
System memory in use before: 90.1 MB.
System memory in use after: 89.5 MB.

Unloading 25 unused Assets to reduce memory usage. Loaded Objects now: 2313.
Total: 1.538300 ms (FindLiveObjects: 0.153600 ms CreateObjectMapping: 0.055700 ms MarkObjects: 1.074700 ms  DeleteObjects: 0.253500 ms)

========================================================================
Received Import Request.
  Time since last request: 70.682542 seconds.
  path: Assets/_Scripts/Goal.cs
  artifactKey: Guid(0e14670e4094f9b44ac0448a7330b4a9) Importer(815301076,1909f56bfc062723c751e8b465ee728b)
Start importing Assets/_Scripts/Goal.cs using Guid(0e14670e4094f9b44ac0448a7330b4a9) Importer(815301076,1909f56bfc062723c751e8b465ee728b)  -> (artifact id: '895c969e83881e3cf840bdea7ac79796') in 0.006415 seconds
  Import took 0.008704 seconds .

========================================================================
Received Prepare
Registering precompiled user dll's ...
Registered in 0.000623 seconds.
Begin MonoManager ReloadAssembly
Native extension for WindowsStandalone target not found
Refreshing native plugins compatible for Editor in 0.26 ms, found 1 plugins.
Preloading 0 native plugins for Editor in 0.00 ms.
Invoked RoslynAnalysisRunner static constructor.
RoslynAnalysisRunner will not be running.
RoslynAnalysisRunner has terminated.
Mono: successfully reloaded assembly
- Completed reload, in  0.605 seconds
Platform modules already initialized, skipping
Refreshing native plugins compatible for Editor in 0.24 ms, found 1 plugins.
Preloading 0 native plugins for Editor in 0.00 ms.
Unloading 1799 Unused Serialized files (Serialized files now loaded: 0)
System memory in use before: 90.2 MB.
System memory in use after: 89.7 MB.

Unloading 25 unused Assets to reduce memory usage. Loaded Objects now: 2317.
Total: 1.522500 ms (FindLiveObjects: 0.133100 ms CreateObjectMapping: 0.053200 ms MarkObjects: 1.085200 ms  DeleteObjects: 0.250000 ms)

========================================================================
Received Import Request.
  Time since last request: 97.824941 seconds.
  path: Assets/_Scripts/Goal.cs
  artifactKey: Guid(0e14670e4094f9b44ac0448a7330b4a9) Importer(815301076,1909f56bfc062723c751e8b465ee728b)
Start importing Assets/_Scripts/Goal.cs using Guid(0e14670e4094f9b44ac0448a7330b4a9) Importer(815301076,1909f56bfc062723c751e8b465ee728b)  -> (artifact id: '421df4301563aff9760edf60bd6c5df1') in 0.005206 seconds
  Import took 0.007456 seconds .

========================================================================
Received Import Request.
  Time since last request: 0.122091 seconds.
  path: Assets/_Scripts/Goal.cs
  artifactKey: Guid(0e14670e4094f9b44ac0448a7330b4a9) Importer(815301076,1909f56bfc062723c751e8b465ee728b)
Start importing Assets/_Scripts/Goal.cs using Guid(0e14670e4094f9b44ac0448a7330b4a9) Importer(815301076,1909f56bfc062723c751e8b465ee728b)  -> (artifact id: '421df4301563aff9760edf60bd6c5df1') in 0.001764 seconds
  Import took 0.004429 seconds .

========================================================================
Received Prepare
Registering precompiled user dll's ...
Registered in 0.000669 seconds.
Begin MonoManager ReloadAssembly
Native extension for WindowsStandalone target not found
Refreshing native plugins compatible for Editor in 0.26 ms, found 1 plugins.
Preloading 0 native plugins for Editor in 0.00 ms.
Invoked RoslynAnalysisRunner static constructor.
RoslynAnalysisRunner will not be running.
RoslynAnalysisRunner has terminated.
Mono: successfully reloaded assembly
- Completed reload, in  0.619 seconds
Platform modules already initialized, skipping
Refreshing native plugins compatible for Editor in 0.27 ms, found 1 plugins.
Preloading 0 native plugins for Editor in 0.00 ms.
Unloading 1799 Unused Serialized files (Serialized files now loaded: 0)
System memory in use before: 90.3 MB.
System memory in use after: 89.7 MB.

Unloading 25 unused Assets to reduce memory usage. Loaded Objects now: 2320.
Total: 1.661100 ms (FindLiveObjects: 0.181800 ms CreateObjectMapping: 0.055100 ms MarkObjects: 1.151500 ms  DeleteObjects: 0.271600 ms)

========================================================================
Received Import Request.
  Time since last request: 8.943838 seconds.
  path: Assets/_Scripts/Goal.cs
  artifactKey: Guid(0e14670e4094f9b44ac0448a7330b4a9) Importer(815301076,1909f56bfc062723c751e8b465ee728b)
Start importing Assets/_Scripts/Goal.cs using Guid(0e14670e4094f9b44ac0448a7330b4a9) Importer(815301076,1909f56bfc062723c751e8b465ee728b)  -> (artifact id: 'ac415d2c2c3af26e65403ffc651ecd7b') in 0.004605 seconds
  Import took 0.006870 seconds .

========================================================================
Received Import Request.
  Time since last request: 0.027655 seconds.
  path: Assets/_Scripts/Goal.cs
  artifactKey: Guid(0e14670e4094f9b44ac0448a7330b4a9) Importer(815301076,1909f56bfc062723c751e8b465ee728b)
Start importing Assets/_Scripts/Goal.cs using Guid(0e14670e4094f9b44ac0448a7330b4a9) Importer(815301076,1909f56bfc062723c751e8b465ee728b)  -> (artifact id: 'ac415d2c2c3af26e65403ffc651ecd7b') in 0.001559 seconds
  Import took 0.003850 seconds .

========================================================================
Received Prepare
Registering precompiled user dll's ...
Registered in 0.000673 seconds.
Begin MonoManager ReloadAssembly
Native extension for WindowsStandalone target not found
Refreshing native plugins compatible for Editor in 0.25 ms, found 1 plugins.
Preloading 0 native plugins for Editor in 0.00 ms.
Invoked RoslynAnalysisRunner static constructor.
RoslynAnalysisRunner will not be running.
RoslynAnalysisRunner has terminated.
Mono: successfully reloaded assembly
- Completed reload, in  0.637 seconds
Platform modules already initialized, skipping
Refreshing native plugins compatible for Editor in 0.30 ms, found 1 plugins.
Preloading 0 native plugins for Editor in 0.00 ms.
Unloading 1799 Unused Serialized files (Serialized files now loaded: 0)
System memory in use before: 90.4 MB.
System memory in use after: 89.8 MB.

Unloading 25 unused Assets to reduce memory usage. Loaded Objects now: 2323.
Total: 1.653900 ms (FindLiveObjects: 0.218500 ms CreateObjectMapping: 0.053700 ms MarkObjects: 1.119400 ms  DeleteObjects: 0.261700 ms)

========================================================================
Received Import Request.
  Time since last request: 7.354109 seconds.
  path: ProjectSettings/TagManager.asset
  artifactKey: Guid(00000000000000003000000000000000) Importer(815301076,1909f56bfc062723c751e8b465ee728b)
Start importing ProjectSettings/TagManager.asset using Guid(00000000000000003000000000000000) Importer(815301076,1909f56bfc062723c751e8b465ee728b)  -> (artifact id: '2a276bfe1a8cbeea2c89852a4ad7a997') in 0.012163 seconds
  Import took 0.014295 seconds .

========================================================================
Received Prepare
Registering precompiled user dll's ...
Registered in 0.000695 seconds.
Begin MonoManager ReloadAssembly
Native extension for WindowsStandalone target not found
Refreshing native plugins compatible for Editor in 0.26 ms, found 1 plugins.
Preloading 0 native plugins for Editor in 0.00 ms.
Invoked RoslynAnalysisRunner static constructor.
RoslynAnalysisRunner will not be running.
RoslynAnalysisRunner has terminated.
Mono: successfully reloaded assembly
- Completed reload, in  0.642 seconds
Platform modules already initialized, skipping
Refreshing native plugins compatible for Editor in 0.27 ms, found 1 plugins.
Preloading 0 native plugins for Editor in 0.00 ms.
Unloading 1799 Unused Serialized files (Serialized files now loaded: 0)
System memory in use before: 90.4 MB.
System memory in use after: 89.8 MB.

Unloading 26 unused Assets to reduce memory usage. Loaded Objects now: 2326.
Total: 1.591100 ms (FindLiveObjects: 0.158600 ms CreateObjectMapping: 0.058600 ms MarkObjects: 1.103900 ms  DeleteObjects: 0.269200 ms)

========================================================================
Received Prepare
Registering precompiled user dll's ...
Registered in 0.000935 seconds.
Begin MonoManager ReloadAssembly
Native extension for WindowsStandalone target not found
Refreshing native plugins compatible for Editor in 0.25 ms, found 1 plugins.
Preloading 0 native plugins for Editor in 0.00 ms.
Invoked RoslynAnalysisRunner static constructor.
RoslynAnalysisRunner will not be running.
RoslynAnalysisRunner has terminated.
Mono: successfully reloaded assembly
- Completed reload, in  0.637 seconds
Platform modules already initialized, skipping
Refreshing native plugins compatible for Editor in 0.27 ms, found 1 plugins.
Preloading 0 native plugins for Editor in 0.00 ms.
Unloading 1799 Unused Serialized files (Serialized files now loaded: 0)
System memory in use before: 90.5 MB.
System memory in use after: 89.9 MB.

Unloading 25 unused Assets to reduce memory usage. Loaded Objects now: 2329.
Total: 1.532700 ms (FindLiveObjects: 0.144100 ms CreateObjectMapping: 0.057100 ms MarkObjects: 1.066000 ms  DeleteObjects: 0.264700 ms)

========================================================================
Received Prepare
Registering precompiled user dll's ...
Registered in 0.000714 seconds.
Begin MonoManager ReloadAssembly
Native extension for WindowsStandalone target not found
Refreshing native plugins compatible for Editor in 0.26 ms, found 1 plugins.
Preloading 0 native plugins for Editor in 0.00 ms.
Invoked RoslynAnalysisRunner static constructor.
RoslynAnalysisRunner will not be running.
RoslynAnalysisRunner has terminated.
Mono: successfully reloaded assembly
- Completed reload, in  0.626 seconds
Platform modules already initialized, skipping
Refreshing native plugins compatible for Editor in 0.26 ms, found 1 plugins.
Preloading 0 native plugins for Editor in 0.00 ms.
Unloading 1799 Unused Serialized files (Serialized files now loaded: 0)
System memory in use before: 90.6 MB.
System memory in use after: 90.0 MB.

Unloading 25 unused Assets to reduce memory usage. Loaded Objects now: 2332.
Total: 1.581600 ms (FindLiveObjects: 0.149500 ms CreateObjectMapping: 0.053300 ms MarkObjects: 1.110100 ms  DeleteObjects: 0.267800 ms)

========================================================================
Received Prepare
Registering precompiled user dll's ...
Registered in 0.000687 seconds.
Begin MonoManager ReloadAssembly
Native extension for WindowsStandalone target not found
Refreshing native plugins compatible for Editor in 0.27 ms, found 1 plugins.
Preloading 0 native plugins for Editor in 0.00 ms.
Invoked RoslynAnalysisRunner static constructor.
RoslynAnalysisRunner will not be running.
RoslynAnalysisRunner has terminated.
Mono: successfully reloaded assembly
- Completed reload, in  0.630 seconds
Platform modules already initialized, skipping
Refreshing native plugins compatible for Editor in 0.26 ms, found 1 plugins.
Preloading 0 native plugins for Editor in 0.00 ms.
Unloading 1799 Unused Serialized files (Serialized files now loaded: 0)
System memory in use before: 90.6 MB.
System memory in use after: 90.0 MB.

Unloading 25 unused Assets to reduce memory usage. Loaded Objects now: 2335.
Total: 1.761900 ms (FindLiveObjects: 0.194300 ms CreateObjectMapping: 0.076200 ms MarkObjects: 1.213700 ms  DeleteObjects: 0.276500 ms)

========================================================================
Received Prepare
Registering precompiled user dll's ...
Registered in 0.000693 seconds.
Begin MonoManager ReloadAssembly
Native extension for WindowsStandalone target not found
Refreshing native plugins compatible for Editor in 0.28 ms, found 1 plugins.
Preloading 0 native plugins for Editor in 0.00 ms.
Invoked RoslynAnalysisRunner static constructor.
RoslynAnalysisRunner will not be running.
RoslynAnalysisRunner has terminated.
Mono: successfully reloaded assembly
- Completed reload, in  0.628 seconds
Platform modules already initialized, skipping
Refreshing native plugins compatible for Editor in 0.27 ms, found 1 plugins.
Preloading 0 native plugins for Editor in 0.00 ms.
Unloading 1799 Unused Serialized files (Serialized files now loaded: 0)
System memory in use before: 89.7 MB.
System memory in use after: 89.1 MB.

Unloading 25 unused Assets to reduce memory usage. Loaded Objects now: 2338.
Total: 1.900100 ms (FindLiveObjects: 0.194200 ms CreateObjectMapping: 0.065600 ms MarkObjects: 1.359300 ms  DeleteObjects: 0.280000 ms)

========================================================================
Received Prepare
Registering precompiled user dll's ...
Registered in 0.000716 seconds.
Begin MonoManager ReloadAssembly
Native extension for WindowsStandalone target not found
Refreshing native plugins compatible for Editor in 0.25 ms, found 1 plugins.
Preloading 0 native plugins for Editor in 0.00 ms.
Invoked RoslynAnalysisRunner static constructor.
RoslynAnalysisRunner will not be running.
RoslynAnalysisRunner has terminated.
Mono: successfully reloaded assembly
- Completed reload, in  0.625 seconds
Platform modules already initialized, skipping
Refreshing native plugins compatible for Editor in 0.26 ms, found 1 plugins.
Preloading 0 native plugins for Editor in 0.00 ms.
Unloading 1799 Unused Serialized files (Serialized files now loaded: 0)
System memory in use before: 89.8 MB.
System memory in use after: 89.2 MB.

Unloading 25 unused Assets to reduce memory usage. Loaded Objects now: 2341.
Total: 1.847000 ms (FindLiveObjects: 0.312500 ms CreateObjectMapping: 0.097000 ms MarkObjects: 1.166900 ms  DeleteObjects: 0.269600 ms)

========================================================================
Received Prepare
Registering precompiled user dll's ...
Registered in 0.000639 seconds.
Begin MonoManager ReloadAssembly
Native extension for WindowsStandalone target not found
Refreshing native plugins compatible for Editor in 0.26 ms, found 1 plugins.
Preloading 0 native plugins for Editor in 0.00 ms.
Invoked RoslynAnalysisRunner static constructor.
RoslynAnalysisRunner will not be running.
RoslynAnalysisRunner has terminated.
Mono: successfully reloaded assembly
- Completed reload, in  0.597 seconds
Platform modules already initialized, skipping
Refreshing native plugins compatible for Editor in 0.26 ms, found 1 plugins.
Preloading 0 native plugins for Editor in 0.00 ms.
Unloading 1799 Unused Serialized files (Serialized files now loaded: 0)
System memory in use before: 89.8 MB.
System memory in use after: 89.2 MB.

Unloading 25 unused Assets to reduce memory usage. Loaded Objects now: 2344.
Total: 1.596600 ms (FindLiveObjects: 0.144500 ms CreateObjectMapping: 0.055700 ms MarkObjects: 1.136800 ms  DeleteObjects: 0.258700 ms)

========================================================================
Received Prepare
Registering precompiled user dll's ...
Registered in 0.000657 seconds.
Begin MonoManager ReloadAssembly
Native extension for WindowsStandalone target not found
Refreshing native plugins compatible for Editor in 0.26 ms, found 1 plugins.
Preloading 0 native plugins for Editor in 0.00 ms.
Invoked RoslynAnalysisRunner static constructor.
RoslynAnalysisRunner will not be running.
RoslynAnalysisRunner has terminated.
Mono: successfully reloaded assembly
- Completed reload, in  0.605 seconds
Platform modules already initialized, skipping
Refreshing native plugins compatible for Editor in 0.28 ms, found 1 plugins.
Preloading 0 native plugins for Editor in 0.00 ms.
Unloading 1799 Unused Serialized files (Serialized files now loaded: 0)
System memory in use before: 89.9 MB.
System memory in use after: 89.3 MB.

Unloading 25 unused Assets to reduce memory usage. Loaded Objects now: 2347.
Total: 1.610200 ms (FindLiveObjects: 0.152900 ms CreateObjectMapping: 0.055400 ms MarkObjects: 1.136300 ms  DeleteObjects: 0.264800 ms)

========================================================================
Received Prepare
Registering precompiled user dll's ...
Registered in 0.000607 seconds.
Begin MonoManager ReloadAssembly
Native extension for WindowsStandalone target not found
Refreshing native plugins compatible for Editor in 0.27 ms, found 1 plugins.
Preloading 0 native plugins for Editor in 0.00 ms.
Invoked RoslynAnalysisRunner static constructor.
RoslynAnalysisRunner will not be running.
RoslynAnalysisRunner has terminated.
Mono: successfully reloaded assembly
- Completed reload, in  0.588 seconds
Platform modules already initialized, skipping
Refreshing native plugins compatible for Editor in 0.25 ms, found 1 plugins.
Preloading 0 native plugins for Editor in 0.00 ms.
Unloading 1799 Unused Serialized files (Serialized files now loaded: 0)
System memory in use before: 90.0 MB.
System memory in use after: 89.4 MB.

Unloading 25 unused Assets to reduce memory usage. Loaded Objects now: 2350.
Total: 1.628200 ms (FindLiveObjects: 0.145800 ms CreateObjectMapping: 0.054900 ms MarkObjects: 1.158500 ms  DeleteObjects: 0.268100 ms)

========================================================================
Received Prepare
Registering precompiled user dll's ...
Registered in 0.000613 seconds.
Begin MonoManager ReloadAssembly
Native extension for WindowsStandalone target not found
Refreshing native plugins compatible for Editor in 0.26 ms, found 1 plugins.
Preloading 0 native plugins for Editor in 0.00 ms.
Invoked RoslynAnalysisRunner static constructor.
RoslynAnalysisRunner will not be running.
RoslynAnalysisRunner has terminated.
Mono: successfully reloaded assembly
- Completed reload, in  0.607 seconds
Platform modules already initialized, skipping
Refreshing native plugins compatible for Editor in 0.28 ms, found 1 plugins.
Preloading 0 native plugins for Editor in 0.00 ms.
Unloading 1799 Unused Serialized files (Serialized files now loaded: 0)
System memory in use before: 90.0 MB.
System memory in use after: 89.5 MB.

Unloading 25 unused Assets to reduce memory usage. Loaded Objects now: 2353.
Total: 1.734200 ms (FindLiveObjects: 0.175000 ms CreateObjectMapping: 0.053300 ms MarkObjects: 1.227700 ms  DeleteObjects: 0.277200 ms)

========================================================================
Received Prepare
Registering precompiled user dll's ...
Registered in 0.000634 seconds.
Begin MonoManager ReloadAssembly
Native extension for WindowsStandalone target not found
Refreshing native plugins compatible for Editor in 0.26 ms, found 1 plugins.
Preloading 0 native plugins for Editor in 0.00 ms.
Invoked RoslynAnalysisRunner static constructor.
RoslynAnalysisRunner will not be running.
RoslynAnalysisRunner has terminated.
Mono: successfully reloaded assembly
- Completed reload, in  0.602 seconds
Platform modules already initialized, skipping
Refreshing native plugins compatible for Editor in 0.26 ms, found 1 plugins.
Preloading 0 native plugins for Editor in 0.00 ms.
Unloading 1799 Unused Serialized files (Serialized files now loaded: 0)
System memory in use before: 90.1 MB.
System memory in use after: 89.5 MB.

Unloading 25 unused Assets to reduce memory usage. Loaded Objects now: 2356.
Total: 1.693900 ms (FindLiveObjects: 0.195900 ms CreateObjectMapping: 0.084700 ms MarkObjects: 1.150200 ms  DeleteObjects: 0.262300 ms)

========================================================================
Received Prepare
Registering precompiled user dll's ...
Registered in 0.000703 seconds.
Begin MonoManager ReloadAssembly
Native extension for WindowsStandalone target not found
Refreshing native plugins compatible for Editor in 0.25 ms, found 1 plugins.
Preloading 0 native plugins for Editor in 0.00 ms.
Invoked RoslynAnalysisRunner static constructor.
RoslynAnalysisRunner will not be running.
RoslynAnalysisRunner has terminated.
Mono: successfully reloaded assembly
- Completed reload, in  0.612 seconds
Platform modules already initialized, skipping
Refreshing native plugins compatible for Editor in 0.25 ms, found 1 plugins.
Preloading 0 native plugins for Editor in 0.00 ms.
Unloading 1799 Unused Serialized files (Serialized files now loaded: 0)
System memory in use before: 90.2 MB.
System memory in use after: 89.6 MB.

Unloading 25 unused Assets to reduce memory usage. Loaded Objects now: 2359.
Total: 1.578900 ms (FindLiveObjects: 0.174900 ms CreateObjectMapping: 0.059300 ms MarkObjects: 1.089800 ms  DeleteObjects: 0.254100 ms)

========================================================================
Received Prepare
Registering precompiled user dll's ...
Registered in 0.000692 seconds.
Begin MonoManager ReloadAssembly
Native extension for WindowsStandalone target not found
Refreshing native plugins compatible for Editor in 0.25 ms, found 1 plugins.
Preloading 0 native plugins for Editor in 0.00 ms.
Invoked RoslynAnalysisRunner static constructor.
RoslynAnalysisRunner will not be running.
RoslynAnalysisRunner has terminated.
Mono: successfully reloaded assembly
- Completed reload, in  0.609 seconds
Platform modules already initialized, skipping
Refreshing native plugins compatible for Editor in 0.25 ms, found 1 plugins.
Preloading 0 native plugins for Editor in 0.00 ms.
Unloading 1799 Unused Serialized files (Serialized files now loaded: 0)
System memory in use before: 90.2 MB.
System memory in use after: 89.6 MB.

Unloading 25 unused Assets to reduce memory usage. Loaded Objects now: 2362.
Total: 1.511600 ms (FindLiveObjects: 0.138000 ms CreateObjectMapping: 0.053300 ms MarkObjects: 1.068100 ms  DeleteObjects: 0.251700 ms)

========================================================================
Received Prepare
Registering precompiled user dll's ...
Registered in 0.000673 seconds.
Begin MonoManager ReloadAssembly
Native extension for WindowsStandalone target not found
Refreshing native plugins compatible for Editor in 0.26 ms, found 1 plugins.
Preloading 0 native plugins for Editor in 0.00 ms.
Invoked RoslynAnalysisRunner static constructor.
RoslynAnalysisRunner will not be running.
RoslynAnalysisRunner has terminated.
Mono: successfully reloaded assembly
- Completed reload, in  0.591 seconds
Platform modules already initialized, skipping
Refreshing native plugins compatible for Editor in 0.26 ms, found 1 plugins.
Preloading 0 native plugins for Editor in 0.00 ms.
Unloading 1799 Unused Serialized files (Serialized files now loaded: 0)
System memory in use before: 90.3 MB.
System memory in use after: 89.7 MB.

Unloading 25 unused Assets to reduce memory usage. Loaded Objects now: 2365.
Total: 1.742800 ms (FindLiveObjects: 0.166800 ms CreateObjectMapping: 0.055800 ms MarkObjects: 1.235600 ms  DeleteObjects: 0.283400 ms)

========================================================================
Received Prepare
Registering precompiled user dll's ...
Registered in 0.000748 seconds.
Begin MonoManager ReloadAssembly
Native extension for WindowsStandalone target not found
Refreshing native plugins compatible for Editor in 0.26 ms, found 1 plugins.
Preloading 0 native plugins for Editor in 0.00 ms.
Invoked RoslynAnalysisRunner static constructor.
RoslynAnalysisRunner will not be running.
RoslynAnalysisRunner has terminated.
Mono: successfully reloaded assembly
- Completed reload, in  0.606 seconds
Platform modules already initialized, skipping
Refreshing native plugins compatible for Editor in 0.26 ms, found 1 plugins.
Preloading 0 native plugins for Editor in 0.00 ms.
Unloading 1799 Unused Serialized files (Serialized files now loaded: 0)
System memory in use before: 90.3 MB.
System memory in use after: 89.8 MB.

Unloading 25 unused Assets to reduce memory usage. Loaded Objects now: 2368.
Total: 1.621500 ms (FindLiveObjects: 0.187200 ms CreateObjectMapping: 0.060800 ms MarkObjects: 1.109600 ms  DeleteObjects: 0.263000 ms)

========================================================================
Received Prepare
Registering precompiled user dll's ...
Registered in 0.000626 seconds.
Begin MonoManager ReloadAssembly
Native extension for WindowsStandalone target not found
Refreshing native plugins compatible for Editor in 0.26 ms, found 1 plugins.
Preloading 0 native plugins for Editor in 0.00 ms.
Invoked RoslynAnalysisRunner static constructor.
RoslynAnalysisRunner will not be running.
RoslynAnalysisRunner has terminated.
Mono: successfully reloaded assembly
- Completed reload, in  0.615 seconds
Platform modules already initialized, skipping
Refreshing native plugins compatible for Editor in 0.24 ms, found 1 plugins.
Preloading 0 native plugins for Editor in 0.00 ms.
Unloading 1799 Unused Serialized files (Serialized files now loaded: 0)
System memory in use before: 90.4 MB.
System memory in use after: 89.9 MB.

Unloading 25 unused Assets to reduce memory usage. Loaded Objects now: 2371.
Total: 1.572900 ms (FindLiveObjects: 0.174900 ms CreateObjectMapping: 0.061900 ms MarkObjects: 1.081200 ms  DeleteObjects: 0.254500 ms)

========================================================================
Received Prepare
Registering precompiled user dll's ...
Registered in 0.000678 seconds.
Begin MonoManager ReloadAssembly
Native extension for WindowsStandalone target not found
Refreshing native plugins compatible for Editor in 0.25 ms, found 1 plugins.
Preloading 0 native plugins for Editor in 0.00 ms.
Invoked RoslynAnalysisRunner static constructor.
RoslynAnalysisRunner will not be running.
RoslynAnalysisRunner has terminated.
Mono: successfully reloaded assembly
- Completed reload, in  0.625 seconds
Platform modules already initialized, skipping
Refreshing native plugins compatible for Editor in 0.27 ms, found 1 plugins.
Preloading 0 native plugins for Editor in 0.00 ms.
Unloading 1799 Unused Serialized files (Serialized files now loaded: 0)
System memory in use before: 90.5 MB.
System memory in use after: 89.9 MB.

Unloading 25 unused Assets to reduce memory usage. Loaded Objects now: 2374.
Total: 1.517900 ms (FindLiveObjects: 0.132100 ms CreateObjectMapping: 0.048100 ms MarkObjects: 1.077600 ms  DeleteObjects: 0.259500 ms)

========================================================================
Received Prepare
Registering precompiled user dll's ...
Registered in 0.000599 seconds.
Begin MonoManager ReloadAssembly
Native extension for WindowsStandalone target not found
Refreshing native plugins compatible for Editor in 0.25 ms, found 1 plugins.
Preloading 0 native plugins for Editor in 0.00 ms.
Invoked RoslynAnalysisRunner static constructor.
RoslynAnalysisRunner will not be running.
RoslynAnalysisRunner has terminated.
Mono: successfully reloaded assembly
- Completed reload, in  0.590 seconds
Platform modules already initialized, skipping
Refreshing native plugins compatible for Editor in 0.26 ms, found 1 plugins.
Preloading 0 native plugins for Editor in 0.00 ms.
Unloading 1799 Unused Serialized files (Serialized files now loaded: 0)
System memory in use before: 90.6 MB.
System memory in use after: 90.0 MB.

Unloading 25 unused Assets to reduce memory usage. Loaded Objects now: 2377.
Total: 1.919300 ms (FindLiveObjects: 0.270300 ms CreateObjectMapping: 0.103000 ms MarkObjects: 1.256800 ms  DeleteObjects: 0.288000 ms)

========================================================================
Received Prepare
Registering precompiled user dll's ...
Registered in 0.000641 seconds.
Begin MonoManager ReloadAssembly
Native extension for WindowsStandalone target not found
Refreshing native plugins compatible for Editor in 0.26 ms, found 1 plugins.
Preloading 0 native plugins for Editor in 0.00 ms.
Invoked RoslynAnalysisRunner static constructor.
RoslynAnalysisRunner will not be running.
RoslynAnalysisRunner has terminated.
Mono: successfully reloaded assembly
- Completed reload, in  0.609 seconds
Platform modules already initialized, skipping
Refreshing native plugins compatible for Editor in 0.24 ms, found 1 plugins.
Preloading 0 native plugins for Editor in 0.00 ms.
Unloading 1799 Unused Serialized files (Serialized files now loaded: 0)
System memory in use before: 90.6 MB.
System memory in use after: 90.0 MB.

Unloading 25 unused Assets to reduce memory usage. Loaded Objects now: 2380.
Total: 1.787700 ms (FindLiveObjects: 0.211700 ms CreateObjectMapping: 0.124500 ms MarkObjects: 1.181300 ms  DeleteObjects: 0.269600 ms)

========================================================================
Received Prepare
Registering precompiled user dll's ...
Registered in 0.000704 seconds.
Begin MonoManager ReloadAssembly
Native extension for WindowsStandalone target not found
Refreshing native plugins compatible for Editor in 0.25 ms, found 1 plugins.
Preloading 0 native plugins for Editor in 0.00 ms.
Invoked RoslynAnalysisRunner static constructor.
RoslynAnalysisRunner will not be running.
RoslynAnalysisRunner has terminated.
Mono: successfully reloaded assembly
- Completed reload, in  0.605 seconds
Platform modules already initialized, skipping
Refreshing native plugins compatible for Editor in 0.25 ms, found 1 plugins.
Preloading 0 native plugins for Editor in 0.00 ms.
Unloading 1799 Unused Serialized files (Serialized files now loaded: 0)
System memory in use before: 90.7 MB.
System memory in use after: 90.1 MB.

Unloading 25 unused Assets to reduce memory usage. Loaded Objects now: 2383.
Total: 1.631200 ms (FindLiveObjects: 0.147100 ms CreateObjectMapping: 0.059800 ms MarkObjects: 1.154500 ms  DeleteObjects: 0.268900 ms)

AssetImportWorkerClient::OnTransportError - code=2 error=End of file
