Using pre-set license
Built from '2020.2/release' branch; Version is '2020.2.1f1 (270dd8c3da1c) revision 2559448'; Using compiler version '192528614'; Build Type 'Release'
OS: 'Windows 10  (10.0.0) 64bit' Language: 'es' Physical Memory: 16302 MB
BatchMode: 1, IsHumanControllingUs: 0, StartBugReporterOnCrash: 0, Is64bit: 1, IsPro: 0

 COMMAND LINE ARGUMENTS:
C:\Program Files\Unity\Hub\Editor\2020.2.1f1\Editor\Unity.exe
-adb2
-batchMode
-noUpm
-name
AssetImportWorker0
-projectPath
C:/Users/nacho/Desktop/UnityProjects/CursosUnity2020/johnback/John Lemon
-logFile
Logs/AssetImportWorker0.log
-srvPort
62379
Successfully changed project path to: C:/Users/nacho/Desktop/UnityProjects/CursosUnity2020/johnback/John Lemon
C:/Users/nacho/Desktop/UnityProjects/CursosUnity2020/johnback/John Lemon
Using Asset Import Pipeline V2.
Refreshing native plugins compatible for Editor in 41.72 ms, found 0 plugins.
Preloading 0 native plugins for Editor in 0.00 ms.
Initialize engine version: 2020.2.1f1 (270dd8c3da1c)
[Subsystems] Discovering subsystems at path C:/Program Files/Unity/Hub/Editor/2020.2.1f1/Editor/Data/Resources/UnitySubsystems
[Subsystems] Discovering subsystems at path C:/Users/nacho/Desktop/UnityProjects/CursosUnity2020/johnback/John Lemon/Assets
GfxDevice: creating device client; threaded=0
Direct3D:
    Version:  Direct3D 11.0 [level 11.1]
    Renderer: NVIDIA GeForce RTX 3080 (ID=0x2206)
    Vendor:   
    VRAM:     10078 MB
    Driver:   27.21.14.6647
Initialize mono
Mono path[0] = 'C:/Program Files/Unity/Hub/Editor/2020.2.1f1/Editor/Data/Managed'
Mono path[1] = 'C:/Program Files/Unity/Hub/Editor/2020.2.1f1/Editor/Data/MonoBleedingEdge/lib/mono/unityjit'
Mono config path = 'C:/Program Files/Unity/Hub/Editor/2020.2.1f1/Editor/Data/MonoBleedingEdge/etc'
Using monoOptions --debugger-agent=transport=dt_socket,embedding=1,server=y,suspend=n,address=127.0.0.1:56420
Begin MonoManager ReloadAssembly
Registering precompiled unity dll's ...
Register platform support module: C:/Program Files/Unity/Hub/Editor/2020.2.1f1/Editor/Data/PlaybackEngines/WindowsStandaloneSupport/UnityEditor.WindowsStandalone.Extensions.dll
Registered in 0.001012 seconds.
Native extension for WindowsStandalone target not found
Refreshing native plugins compatible for Editor in 36.14 ms, found 0 plugins.
Preloading 0 native plugins for Editor in 0.00 ms.
Invoked RoslynAnalysisRunner static constructor.
RoslynAnalysisRunner will not be running.
RoslynAnalysisRunner has terminated.
Mono: successfully reloaded assembly
- Completed reload, in  0.742 seconds
Platform modules already initialized, skipping
Registering precompiled user dll's ...
Registered in 0.019382 seconds.
Begin MonoManager ReloadAssembly
Native extension for WindowsStandalone target not found
Refreshing native plugins compatible for Editor in 36.27 ms, found 0 plugins.
Preloading 0 native plugins for Editor in 0.00 ms.
Invoked RoslynAnalysisRunner static constructor.
RoslynAnalysisRunner will not be running.
RoslynAnalysisRunner has terminated.
Mono: successfully reloaded assembly
- Completed reload, in  0.772 seconds
Platform modules already initialized, skipping
========================================================================
Worker process is ready to serve import requests
Launched and connected shader compiler UnityShaderCompiler.exe after 0.03 seconds
Refreshing native plugins compatible for Editor in 0.52 ms, found 0 plugins.
Preloading 0 native plugins for Editor in 0.00 ms.
Unloading 2398 Unused Serialized files (Serialized files now loaded: 0)
System memory in use before: 172.5 MB.
System memory in use after: 172.7 MB.

Unloading 37 unused Assets to reduce memory usage. Loaded Objects now: 2832.
Total: 1.521900 ms (FindLiveObjects: 0.199000 ms CreateObjectMapping: 0.103900 ms MarkObjects: 1.167300 ms  DeleteObjects: 0.051200 ms)

========================================================================
Received Import Request.
  path: Assets/Shaders/PlaneFog.shader
  artifactKey: Guid(ce34212e0d9bc444ba1af3f2df6c6533) Importer(815301076,1909f56bfc062723c751e8b465ee728b)
Start importing Assets/Shaders/PlaneFog.shader using Guid(ce34212e0d9bc444ba1af3f2df6c6533) Importer(815301076,1909f56bfc062723c751e8b465ee728b)  -> (artifact id: '13389ac7f87b9f3777b9a943d8e60a59') in 0.022485 seconds
  Import took 0.025206 seconds .

========================================================================
Received Import Request.
  Time since last request: 0.000118 seconds.
  path: Assets/Shaders/ToonShader.shader
  artifactKey: Guid(5d4e2edecb5241c47ae2c2e9d26ae05d) Importer(815301076,1909f56bfc062723c751e8b465ee728b)
Start importing Assets/Shaders/ToonShader.shader using Guid(5d4e2edecb5241c47ae2c2e9d26ae05d) Importer(815301076,1909f56bfc062723c751e8b465ee728b)  -> (artifact id: '17b9db7533f91a20053f6f2c868c82be') in 0.003630 seconds
  Import took 0.005817 seconds .

========================================================================
Received Import Request.
  Time since last request: 0.000082 seconds.
  path: Assets/Shaders/SpookyStandardShader.shader
  artifactKey: Guid(1eb9c0266056a2e4cb9ec2719955e6c7) Importer(815301076,1909f56bfc062723c751e8b465ee728b)
Start importing Assets/Shaders/SpookyStandardShader.shader using Guid(1eb9c0266056a2e4cb9ec2719955e6c7) Importer(815301076,1909f56bfc062723c751e8b465ee728b)  -> (artifact id: 'e9b0341d00ccfdd37e7de64c4911c326') in 0.003755 seconds
  Import took 0.006009 seconds .

========================================================================
Received Import Request.
  Time since last request: 0.000093 seconds.
  path: Assets/Shaders
  artifactKey: Guid(45488f1b5d87a2f4197b11c01e63e244) Importer(815301076,1909f56bfc062723c751e8b465ee728b)
Start importing Assets/Shaders using Guid(45488f1b5d87a2f4197b11c01e63e244) Importer(815301076,1909f56bfc062723c751e8b465ee728b)  -> (artifact id: 'be64c03c391db929758a17ea09a6f1e7') in 0.003634 seconds
  Import took 0.005849 seconds .

========================================================================
Received Import Request.
  Time since last request: 1683.365398 seconds.
  path: Assets/Shaders/New Shader Graph.shadergraph
  artifactKey: Guid(62f0e4b6689122245be650b93988e1c2) Importer(815301076,1909f56bfc062723c751e8b465ee728b)
Start importing Assets/Shaders/New Shader Graph.shadergraph using Guid(62f0e4b6689122245be650b93988e1c2) Importer(815301076,1909f56bfc062723c751e8b465ee728b)  -> (artifact id: '9014b60ce8ce4a5b68eb81b22a667573') in 0.007227 seconds
  Import took 0.010432 seconds .

========================================================================
Received Import Request.
  Time since last request: 326.949119 seconds.
  path: Assets/Shaders/Test.shadergraph
  artifactKey: Guid(65fc68fe64e571544b288ddb1b82ac53) Importer(815301076,1909f56bfc062723c751e8b465ee728b)
Start importing Assets/Shaders/Test.shadergraph using Guid(65fc68fe64e571544b288ddb1b82ac53) Importer(815301076,1909f56bfc062723c751e8b465ee728b)  -> (artifact id: '425c8be43dcd02cc8da60b1c894c0802') in 0.005671 seconds
  Import took 0.008946 seconds .

========================================================================
Received Import Request.
  Time since last request: 85.596957 seconds.
  path: Assets/Shaders/Test.shader
  artifactKey: Guid(e9e55b3963f99d04dac7fc2d9b12eb21) Importer(815301076,1909f56bfc062723c751e8b465ee728b)
Start importing Assets/Shaders/Test.shader using Guid(e9e55b3963f99d04dac7fc2d9b12eb21) Importer(815301076,1909f56bfc062723c751e8b465ee728b)  -> (artifact id: 'c435ccf2f3a66446b46ea23641975041') in 0.001994 seconds
  Import took 0.005045 seconds .

========================================================================
Received Import Request.
  Time since last request: 28.223501 seconds.
  path: Assets/Shaders/tst.shader
  artifactKey: Guid(e12d0c9375d388748a9411bc63b270d5) Importer(815301076,1909f56bfc062723c751e8b465ee728b)
Start importing Assets/Shaders/tst.shader using Guid(e12d0c9375d388748a9411bc63b270d5) Importer(815301076,1909f56bfc062723c751e8b465ee728b)  -> (artifact id: '6910eb1768899531fbaad224ab81251a') in 0.006008 seconds
  Import took 0.009534 seconds .

========================================================================
Received Import Request.
  Time since last request: 96.636488 seconds.
  path: Assets/Shaders/NewImageEffectShader.shader
  artifactKey: Guid(4d34abff8a57af1438a2bee9378f7a40) Importer(815301076,1909f56bfc062723c751e8b465ee728b)
Start importing Assets/Shaders/NewImageEffectShader.shader using Guid(4d34abff8a57af1438a2bee9378f7a40) Importer(815301076,1909f56bfc062723c751e8b465ee728b)  -> (artifact id: 'bdb776f338fd7e18aa733cf00a6e8e03') in 0.004990 seconds
  Import took 0.008473 seconds .

========================================================================
Received Import Request.
  Time since last request: 9.373034 seconds.
  path: Assets/Shaders/NewShaderVariants.shadervariants
  artifactKey: Guid(e2d2f19aa2e0d3644b40de4109c74e9c) Importer(815301076,1909f56bfc062723c751e8b465ee728b)
Start importing Assets/Shaders/NewShaderVariants.shadervariants using Guid(e2d2f19aa2e0d3644b40de4109c74e9c) Importer(815301076,1909f56bfc062723c751e8b465ee728b)  -> (artifact id: '28599bd945a4eee5add66a65f37c1942') in 0.005946 seconds
  Import took 0.009019 seconds .

========================================================================
Received Import Request.
  Time since last request: 11.601729 seconds.
  path: Assets/Shaders/test.shadergraph
  artifactKey: Guid(65fc68fe64e571544b288ddb1b82ac53) Importer(815301076,1909f56bfc062723c751e8b465ee728b)
Start importing Assets/Shaders/test.shadergraph using Guid(65fc68fe64e571544b288ddb1b82ac53) Importer(815301076,1909f56bfc062723c751e8b465ee728b)  -> (artifact id: 'a4149e8f08bd4c1275fd90d1f05e32e6') in 0.006139 seconds
  Import took 0.009058 seconds .

AssetImportWorkerClient::OnTransportError - code=2 error=End of file
