Using pre-set license
Built from '2020.2/release' branch; Version is '2020.2.1f1 (270dd8c3da1c) revision 2559448'; Using compiler version '192528614'; Build Type 'Release'
OS: 'Windows 10  (10.0.0) 64bit' Language: 'es' Physical Memory: 8076 MB
BatchMode: 1, IsHumanControllingUs: 0, StartBugReporterOnCrash: 0, Is64bit: 1, IsPro: 0

 COMMAND LINE ARGUMENTS:
C:\Users\nacho\Desktop\Nueva carpeta\2020.2.1f1\Editor\Unity.exe
-adb2
-batchMode
-noUpm
-name
AssetImportWorker0
-projectPath
C:/Users/nacho/Documents/GitHub/CursosUnity2020/John Lemon
-logFile
Logs/AssetImportWorker0.log
-srvPort
<<<<<<< HEAD
65370
Successfully changed project path to: C:/Users/nacho/Desktop/UnityProjects/CursosUnity2020/John Lemon
C:/Users/nacho/Desktop/UnityProjects/CursosUnity2020/John Lemon
Using Asset Import Pipeline V2.
Refreshing native plugins compatible for Editor in 32.12 ms, found 0 plugins.
=======
50352
Successfully changed project path to: C:/Users/nacho/Documents/GitHub/CursosUnity2020/John Lemon
C:/Users/nacho/Documents/GitHub/CursosUnity2020/John Lemon
Using Asset Import Pipeline V2.
Refreshing native plugins compatible for Editor in 179.90 ms, found 0 plugins.
>>>>>>> 0870074186dd797031e70c53e85877a54957a397
Preloading 0 native plugins for Editor in 0.00 ms.
Initialize engine version: 2020.2.1f1 (270dd8c3da1c)
[Subsystems] Discovering subsystems at path C:/Users/nacho/Desktop/Nueva carpeta/2020.2.1f1/Editor/Data/Resources/UnitySubsystems
[Subsystems] Discovering subsystems at path C:/Users/nacho/Documents/GitHub/CursosUnity2020/John Lemon/Assets
GfxDevice: creating device client; threaded=0
Direct3D:
    Version:  Direct3D 11.0 [level 11.1]
    Renderer: NVIDIA GeForce MX150 (ID=0x1d12)
    Vendor:   
    VRAM:     1994 MB
    Driver:   23.21.13.8873
Initialize mono
<<<<<<< HEAD
Mono path[0] = 'C:/Program Files/Unity/Hub/Editor/2020.2.1f1/Editor/Data/Managed'
Mono path[1] = 'C:/Program Files/Unity/Hub/Editor/2020.2.1f1/Editor/Data/MonoBleedingEdge/lib/mono/unityjit'
Mono config path = 'C:/Program Files/Unity/Hub/Editor/2020.2.1f1/Editor/Data/MonoBleedingEdge/etc'
Using monoOptions --debugger-agent=transport=dt_socket,embedding=1,server=y,suspend=n,address=127.0.0.1:56736
Begin MonoManager ReloadAssembly
Registering precompiled unity dll's ...
Register platform support module: C:/Program Files/Unity/Hub/Editor/2020.2.1f1/Editor/Data/PlaybackEngines/WindowsStandaloneSupport/UnityEditor.WindowsStandalone.Extensions.dll
Registered in 0.001018 seconds.
Native extension for WindowsStandalone target not found
Refreshing native plugins compatible for Editor in 29.11 ms, found 0 plugins.
=======
Mono path[0] = 'C:/Users/nacho/Desktop/Nueva carpeta/2020.2.1f1/Editor/Data/Managed'
Mono path[1] = 'C:/Users/nacho/Desktop/Nueva carpeta/2020.2.1f1/Editor/Data/MonoBleedingEdge/lib/mono/unityjit'
Mono config path = 'C:/Users/nacho/Desktop/Nueva carpeta/2020.2.1f1/Editor/Data/MonoBleedingEdge/etc'
Using monoOptions --debugger-agent=transport=dt_socket,embedding=1,server=y,suspend=n,address=127.0.0.1:56468
Begin MonoManager ReloadAssembly
Registering precompiled unity dll's ...
Register platform support module: C:/Users/nacho/Desktop/Nueva carpeta/2020.2.1f1/Editor/Data/PlaybackEngines/WindowsStandaloneSupport/UnityEditor.WindowsStandalone.Extensions.dll
Registered in 0.004367 seconds.
Native extension for WindowsStandalone target not found
Refreshing native plugins compatible for Editor in 183.36 ms, found 0 plugins.
>>>>>>> 0870074186dd797031e70c53e85877a54957a397
Preloading 0 native plugins for Editor in 0.00 ms.
Invoked RoslynAnalysisRunner static constructor.
RoslynAnalysisRunner will not be running.
RoslynAnalysisRunner has terminated.
Mono: successfully reloaded assembly
<<<<<<< HEAD
- Completed reload, in  0.707 seconds
Platform modules already initialized, skipping
Registering precompiled user dll's ...
Registered in 0.001969 seconds.
=======
- Completed reload, in  3.487 seconds
Platform modules already initialized, skipping
Registering precompiled user dll's ...
Registered in 0.009034 seconds.
>>>>>>> 0870074186dd797031e70c53e85877a54957a397
Begin MonoManager ReloadAssembly
Native extension for WindowsStandalone target not found
Refreshing native plugins compatible for Editor in 0.92 ms, found 0 plugins.
Preloading 0 native plugins for Editor in 0.00 ms.
Invoked RoslynAnalysisRunner static constructor.
RoslynAnalysisRunner will not be running.
RoslynAnalysisRunner has terminated.
Mono: successfully reloaded assembly
<<<<<<< HEAD
- Completed reload, in  0.618 seconds
Platform modules already initialized, skipping
========================================================================
Worker process is ready to serve import requests
Launched and connected shader compiler UnityShaderCompiler.exe after 0.04 seconds
Refreshing native plugins compatible for Editor in 0.33 ms, found 0 plugins.
Preloading 0 native plugins for Editor in 0.00 ms.
Unloading 1602 Unused Serialized files (Serialized files now loaded: 0)
System memory in use before: 148.7 MB.
System memory in use after: 148.7 MB.

Unloading 36 unused Assets to reduce memory usage. Loaded Objects now: 2034.
Total: 1.231300 ms (FindLiveObjects: 0.124900 ms CreateObjectMapping: 0.049400 ms MarkObjects: 1.003000 ms  DeleteObjects: 0.053400 ms)

========================================================================
Received Import Request.
  path: Assets/New Lighting Settings.lighting
  artifactKey: Guid(984defdc03e747d4084232154e01b966) Importer(815301076,1909f56bfc062723c751e8b465ee728b)
Start importing Assets/New Lighting Settings.lighting using Guid(984defdc03e747d4084232154e01b966) Importer(815301076,1909f56bfc062723c751e8b465ee728b)  -> (artifact id: 'efb198e577d069c8546215b624bcbf61') in 0.022637 seconds
  Import took 0.024399 seconds .

========================================================================
Received Prepare
Registering precompiled user dll's ...
Registered in 0.001874 seconds.
Begin MonoManager ReloadAssembly
Native extension for WindowsStandalone target not found
Refreshing native plugins compatible for Editor in 0.34 ms, found 0 plugins.
Preloading 0 native plugins for Editor in 0.00 ms.
Invoked RoslynAnalysisRunner static constructor.
RoslynAnalysisRunner will not be running.
RoslynAnalysisRunner has terminated.
Mono: successfully reloaded assembly
- Completed reload, in  0.578 seconds
Platform modules already initialized, skipping
Refreshing native plugins compatible for Editor in 0.40 ms, found 0 plugins.
Preloading 0 native plugins for Editor in 0.00 ms.
Unloading 1566 Unused Serialized files (Serialized files now loaded: 0)
System memory in use before: 146.7 MB.
System memory in use after: 146.8 MB.

Unloading 27 unused Assets to reduce memory usage. Loaded Objects now: 2037.
Total: 1.211200 ms (FindLiveObjects: 0.123500 ms CreateObjectMapping: 0.043500 ms MarkObjects: 0.999700 ms  DeleteObjects: 0.043500 ms)

========================================================================
Received Prepare
Registering precompiled user dll's ...
Registered in 0.001826 seconds.
Begin MonoManager ReloadAssembly
Native extension for WindowsStandalone target not found
Refreshing native plugins compatible for Editor in 0.35 ms, found 0 plugins.
Preloading 0 native plugins for Editor in 0.00 ms.
Invoked RoslynAnalysisRunner static constructor.
RoslynAnalysisRunner will not be running.
RoslynAnalysisRunner has terminated.
Mono: successfully reloaded assembly
- Completed reload, in  0.563 seconds
Platform modules already initialized, skipping
Refreshing native plugins compatible for Editor in 0.34 ms, found 0 plugins.
Preloading 0 native plugins for Editor in 0.00 ms.
Unloading 1565 Unused Serialized files (Serialized files now loaded: 0)
System memory in use before: 147.5 MB.
System memory in use after: 147.6 MB.

Unloading 27 unused Assets to reduce memory usage. Loaded Objects now: 2039.
Total: 1.355300 ms (FindLiveObjects: 0.192800 ms CreateObjectMapping: 0.070000 ms MarkObjects: 1.047400 ms  DeleteObjects: 0.044400 ms)

========================================================================
Received Import Request.
  Time since last request: 874.689402 seconds.
  path: ProjectSettings/TagManager.asset
  artifactKey: Guid(00000000000000003000000000000000) Importer(815301076,1909f56bfc062723c751e8b465ee728b)
Start importing ProjectSettings/TagManager.asset using Guid(00000000000000003000000000000000) Importer(815301076,1909f56bfc062723c751e8b465ee728b)  -> (artifact id: '2a276bfe1a8cbeea2c89852a4ad7a997') in 0.011730 seconds
  Import took 0.013719 seconds .

========================================================================
Received Import Request.
  Time since last request: 171.610193 seconds.
  path: Assets/Materials/Corridor/Window.mat
  artifactKey: Guid(5d7f4ca07121e414288c4908a4803bed) Importer(815301076,1909f56bfc062723c751e8b465ee728b)
Start importing Assets/Materials/Corridor/Window.mat using Guid(5d7f4ca07121e414288c4908a4803bed) Importer(815301076,1909f56bfc062723c751e8b465ee728b)  -> (artifact id: '7cce7aa28e3debbae53f9614e6b6ec28') in 0.064591 seconds
  Import took 0.066751 seconds .

========================================================================
Received Import Request.
  Time since last request: 0.001922 seconds.
  path: Assets/Materials/Corridor/Window.mat
  artifactKey: Guid(5d7f4ca07121e414288c4908a4803bed) Importer(815301076,1909f56bfc062723c751e8b465ee728b)
Start importing Assets/Materials/Corridor/Window.mat using Guid(5d7f4ca07121e414288c4908a4803bed) Importer(815301076,1909f56bfc062723c751e8b465ee728b)  -> (artifact id: '7cce7aa28e3debbae53f9614e6b6ec28') in 0.012496 seconds
  Import took 0.014630 seconds .

========================================================================
Received Import Request.
  Time since last request: 2.218407 seconds.
  path: Assets/Materials/VFX/Skybox.mat
  artifactKey: Guid(6ee0d89101b323c4ea17b397eea7fb49) Importer(815301076,1909f56bfc062723c751e8b465ee728b)
Start importing Assets/Materials/VFX/Skybox.mat using Guid(6ee0d89101b323c4ea17b397eea7fb49) Importer(815301076,1909f56bfc062723c751e8b465ee728b)  -> (artifact id: 'c09cfad84f64b6bdd96b05b07e630c58') in 0.013655 seconds
  Import took 0.015601 seconds .

========================================================================
Received Prepare
Registering precompiled user dll's ...
Registered in 0.001835 seconds.
Begin MonoManager ReloadAssembly
Native extension for WindowsStandalone target not found
Refreshing native plugins compatible for Editor in 0.34 ms, found 0 plugins.
Preloading 0 native plugins for Editor in 0.00 ms.
Invoked RoslynAnalysisRunner static constructor.
RoslynAnalysisRunner will not be running.
RoslynAnalysisRunner has terminated.
Mono: successfully reloaded assembly
- Completed reload, in  0.564 seconds
Platform modules already initialized, skipping
Refreshing native plugins compatible for Editor in 0.46 ms, found 0 plugins.
Preloading 0 native plugins for Editor in 0.00 ms.
Unloading 1565 Unused Serialized files (Serialized files now loaded: 0)
System memory in use before: 151.1 MB.
System memory in use after: 151.2 MB.

Unloading 28 unused Assets to reduce memory usage. Loaded Objects now: 2081.
Total: 1.334900 ms (FindLiveObjects: 0.144500 ms CreateObjectMapping: 0.047200 ms MarkObjects: 1.095300 ms  DeleteObjects: 0.047000 ms)

========================================================================
Received Prepare
Registering precompiled user dll's ...
Registered in 0.001854 seconds.
Begin MonoManager ReloadAssembly
Native extension for WindowsStandalone target not found
Refreshing native plugins compatible for Editor in 0.34 ms, found 0 plugins.
Preloading 0 native plugins for Editor in 0.00 ms.
Invoked RoslynAnalysisRunner static constructor.
RoslynAnalysisRunner will not be running.
RoslynAnalysisRunner has terminated.
Mono: successfully reloaded assembly
- Completed reload, in  0.570 seconds
Platform modules already initialized, skipping
Refreshing native plugins compatible for Editor in 0.50 ms, found 0 plugins.
Preloading 0 native plugins for Editor in 0.00 ms.
Unloading 1565 Unused Serialized files (Serialized files now loaded: 0)
System memory in use before: 151.1 MB.
System memory in use after: 151.2 MB.

Unloading 27 unused Assets to reduce memory usage. Loaded Objects now: 2083.
Total: 1.451300 ms (FindLiveObjects: 0.171500 ms CreateObjectMapping: 0.060600 ms MarkObjects: 1.165600 ms  DeleteObjects: 0.052600 ms)

========================================================================
Received Prepare
Registering precompiled user dll's ...
Registered in 0.001869 seconds.
Begin MonoManager ReloadAssembly
Native extension for WindowsStandalone target not found
Refreshing native plugins compatible for Editor in 0.35 ms, found 0 plugins.
Preloading 0 native plugins for Editor in 0.00 ms.
Invoked RoslynAnalysisRunner static constructor.
RoslynAnalysisRunner will not be running.
RoslynAnalysisRunner has terminated.
Mono: successfully reloaded assembly
- Completed reload, in  0.560 seconds
Platform modules already initialized, skipping
Refreshing native plugins compatible for Editor in 0.35 ms, found 0 plugins.
Preloading 0 native plugins for Editor in 0.00 ms.
Unloading 1565 Unused Serialized files (Serialized files now loaded: 0)
System memory in use before: 151.2 MB.
System memory in use after: 151.3 MB.

Unloading 27 unused Assets to reduce memory usage. Loaded Objects now: 2085.
Total: 1.230500 ms (FindLiveObjects: 0.124000 ms CreateObjectMapping: 0.040700 ms MarkObjects: 1.024000 ms  DeleteObjects: 0.041000 ms)

========================================================================
Received Prepare
Registering precompiled user dll's ...
Registered in 0.001885 seconds.
Begin MonoManager ReloadAssembly
Native extension for WindowsStandalone target not found
Refreshing native plugins compatible for Editor in 0.34 ms, found 0 plugins.
Preloading 0 native plugins for Editor in 0.00 ms.
Invoked RoslynAnalysisRunner static constructor.
RoslynAnalysisRunner will not be running.
RoslynAnalysisRunner has terminated.
Mono: successfully reloaded assembly
- Completed reload, in  0.560 seconds
Platform modules already initialized, skipping
Refreshing native plugins compatible for Editor in 0.37 ms, found 0 plugins.
Preloading 0 native plugins for Editor in 0.00 ms.
Unloading 1565 Unused Serialized files (Serialized files now loaded: 0)
System memory in use before: 151.2 MB.
System memory in use after: 151.3 MB.

Unloading 27 unused Assets to reduce memory usage. Loaded Objects now: 2087.
Total: 1.299100 ms (FindLiveObjects: 0.150900 ms CreateObjectMapping: 0.046200 ms MarkObjects: 1.056000 ms  DeleteObjects: 0.045100 ms)

========================================================================
Received Prepare
Registering precompiled user dll's ...
Registered in 0.001928 seconds.
Begin MonoManager ReloadAssembly
Native extension for WindowsStandalone target not found
Refreshing native plugins compatible for Editor in 0.35 ms, found 0 plugins.
Preloading 0 native plugins for Editor in 0.00 ms.
Invoked RoslynAnalysisRunner static constructor.
RoslynAnalysisRunner will not be running.
RoslynAnalysisRunner has terminated.
Mono: successfully reloaded assembly
- Completed reload, in  0.584 seconds
Platform modules already initialized, skipping
Refreshing native plugins compatible for Editor in 0.36 ms, found 0 plugins.
Preloading 0 native plugins for Editor in 0.00 ms.
Unloading 1565 Unused Serialized files (Serialized files now loaded: 0)
System memory in use before: 151.0 MB.
System memory in use after: 151.1 MB.

Unloading 27 unused Assets to reduce memory usage. Loaded Objects now: 2089.
Total: 1.310400 ms (FindLiveObjects: 0.141400 ms CreateObjectMapping: 0.049800 ms MarkObjects: 1.072900 ms  DeleteObjects: 0.045500 ms)

========================================================================
Received Import Request.
  Time since last request: 2241.016381 seconds.
  path: Assets/Textures/UI/Caught.png
  artifactKey: Guid(85d46c7add1129741a0d78fadba6998e) Importer(815301076,1909f56bfc062723c751e8b465ee728b)
Start importing Assets/Textures/UI/Caught.png using Guid(85d46c7add1129741a0d78fadba6998e) Importer(815301076,1909f56bfc062723c751e8b465ee728b)  -> (artifact id: '98827abe7e2e31bb8340d58a8521c9e6') in 0.078874 seconds
  Import took 0.081312 seconds .

========================================================================
Received Import Request.
  Time since last request: 0.000114 seconds.
  path: Assets/Textures/VFX/DustMote.png
  artifactKey: Guid(394e93ce356b57344903a08ff72fcab2) Importer(815301076,1909f56bfc062723c751e8b465ee728b)
Start importing Assets/Textures/VFX/DustMote.png using Guid(394e93ce356b57344903a08ff72fcab2) Importer(815301076,1909f56bfc062723c751e8b465ee728b)  -> (artifact id: 'bcf67253938a596353cb614d6c07807e') in 0.009495 seconds
  Import took 0.011333 seconds .

========================================================================
Received Import Request.
  Time since last request: 0.000099 seconds.
  path: Assets/Textures/UI/Won.png
  artifactKey: Guid(623a7345ca6d38f4280b86c32ffe7c15) Importer(815301076,1909f56bfc062723c751e8b465ee728b)
Start importing Assets/Textures/UI/Won.png using Guid(623a7345ca6d38f4280b86c32ffe7c15) Importer(815301076,1909f56bfc062723c751e8b465ee728b)  -> (artifact id: '945aa221c14615fa352b6dea4b239088') in 0.024439 seconds
  Import took 0.026272 seconds .

========================================================================
Received Import Request.
  Time since last request: 0.000104 seconds.
  path: Assets/Textures/VFX/DustMote.png
  artifactKey: Guid(394e93ce356b57344903a08ff72fcab2) Importer(815301076,1909f56bfc062723c751e8b465ee728b)
Start importing Assets/Textures/VFX/DustMote.png using Guid(394e93ce356b57344903a08ff72fcab2) Importer(815301076,1909f56bfc062723c751e8b465ee728b)  -> (artifact id: 'bcf67253938a596353cb614d6c07807e') in 0.008211 seconds
  Import took 0.010074 seconds .

========================================================================
Received Import Request.
  Time since last request: 0.000098 seconds.
  path: Assets/Textures/UI/Won.png
  artifactKey: Guid(623a7345ca6d38f4280b86c32ffe7c15) Importer(815301076,1909f56bfc062723c751e8b465ee728b)
Start importing Assets/Textures/UI/Won.png using Guid(623a7345ca6d38f4280b86c32ffe7c15) Importer(815301076,1909f56bfc062723c751e8b465ee728b)  -> (artifact id: '945aa221c14615fa352b6dea4b239088') in 0.010548 seconds
  Import took 0.012348 seconds .

========================================================================
Received Import Request.
  Time since last request: 0.000090 seconds.
  path: Assets/Textures/UI/Caught.png
  artifactKey: Guid(85d46c7add1129741a0d78fadba6998e) Importer(815301076,1909f56bfc062723c751e8b465ee728b)
Start importing Assets/Textures/UI/Caught.png using Guid(85d46c7add1129741a0d78fadba6998e) Importer(815301076,1909f56bfc062723c751e8b465ee728b)  -> (artifact id: '98827abe7e2e31bb8340d58a8521c9e6') in 0.012758 seconds
  Import took 0.014563 seconds .

========================================================================
Received Import Request.
  Time since last request: 708.264592 seconds.
  path: Assets/Scripts/GameEnding.cs
  artifactKey: Guid(b911a1f9d04ecb343b5d13ba1075839e) Importer(815301076,1909f56bfc062723c751e8b465ee728b)
Start importing Assets/Scripts/GameEnding.cs using Guid(b911a1f9d04ecb343b5d13ba1075839e) Importer(815301076,1909f56bfc062723c751e8b465ee728b)  -> (artifact id: '6129e4a6d1055b883fc77fcadf262494') in 0.012554 seconds
  Import took 0.014948 seconds .

========================================================================
Received Prepare
Registering precompiled user dll's ...
Registered in 0.001879 seconds.
Begin MonoManager ReloadAssembly
Native extension for WindowsStandalone target not found
Refreshing native plugins compatible for Editor in 0.35 ms, found 0 plugins.
Preloading 0 native plugins for Editor in 0.00 ms.
Invoked RoslynAnalysisRunner static constructor.
RoslynAnalysisRunner will not be running.
RoslynAnalysisRunner has terminated.
Mono: successfully reloaded assembly
- Completed reload, in  0.568 seconds
Platform modules already initialized, skipping
Refreshing native plugins compatible for Editor in 0.37 ms, found 0 plugins.
Preloading 0 native plugins for Editor in 0.00 ms.
Unloading 1566 Unused Serialized files (Serialized files now loaded: 0)
System memory in use before: 151.3 MB.
System memory in use after: 151.3 MB.

Unloading 27 unused Assets to reduce memory usage. Loaded Objects now: 2095.
Total: 1.225200 ms (FindLiveObjects: 0.126700 ms CreateObjectMapping: 0.040800 ms MarkObjects: 1.013000 ms  DeleteObjects: 0.044000 ms)

========================================================================
Received Import Request.
  Time since last request: 483.958493 seconds.
  path: Assets/Scripts/GameEnding.cs
  artifactKey: Guid(b911a1f9d04ecb343b5d13ba1075839e) Importer(815301076,1909f56bfc062723c751e8b465ee728b)
Start importing Assets/Scripts/GameEnding.cs using Guid(b911a1f9d04ecb343b5d13ba1075839e) Importer(815301076,1909f56bfc062723c751e8b465ee728b)  -> (artifact id: '99d5243c630a82a3d0afe9abd66f9fe1') in 0.004181 seconds
  Import took 0.006589 seconds .

========================================================================
Received Prepare
Registering precompiled user dll's ...
Registered in 0.001876 seconds.
Begin MonoManager ReloadAssembly
Native extension for WindowsStandalone target not found
Refreshing native plugins compatible for Editor in 0.35 ms, found 0 plugins.
Preloading 0 native plugins for Editor in 0.00 ms.
Invoked RoslynAnalysisRunner static constructor.
RoslynAnalysisRunner will not be running.
RoslynAnalysisRunner has terminated.
Mono: successfully reloaded assembly
- Completed reload, in  0.566 seconds
Platform modules already initialized, skipping
Refreshing native plugins compatible for Editor in 0.34 ms, found 0 plugins.
Preloading 0 native plugins for Editor in 0.00 ms.
Unloading 1566 Unused Serialized files (Serialized files now loaded: 0)
System memory in use before: 151.3 MB.
System memory in use after: 151.3 MB.

Unloading 27 unused Assets to reduce memory usage. Loaded Objects now: 2097.
Total: 1.286600 ms (FindLiveObjects: 0.134000 ms CreateObjectMapping: 0.046500 ms MarkObjects: 1.064900 ms  DeleteObjects: 0.040200 ms)

========================================================================
Received Import Request.
  Time since last request: 24.193024 seconds.
  path: Assets/Scripts/GameEnding.cs
  artifactKey: Guid(b911a1f9d04ecb343b5d13ba1075839e) Importer(815301076,1909f56bfc062723c751e8b465ee728b)
Start importing Assets/Scripts/GameEnding.cs using Guid(b911a1f9d04ecb343b5d13ba1075839e) Importer(815301076,1909f56bfc062723c751e8b465ee728b)  -> (artifact id: '33e5b2029a1b0ac2896281b15e7142ce') in 0.003300 seconds
  Import took 0.005803 seconds .

========================================================================
Received Prepare
Registering precompiled user dll's ...
Registered in 0.001829 seconds.
Begin MonoManager ReloadAssembly
Native extension for WindowsStandalone target not found
Refreshing native plugins compatible for Editor in 0.34 ms, found 0 plugins.
Preloading 0 native plugins for Editor in 0.00 ms.
Invoked RoslynAnalysisRunner static constructor.
RoslynAnalysisRunner will not be running.
RoslynAnalysisRunner has terminated.
Mono: successfully reloaded assembly
- Completed reload, in  0.569 seconds
Platform modules already initialized, skipping
Refreshing native plugins compatible for Editor in 0.35 ms, found 0 plugins.
Preloading 0 native plugins for Editor in 0.00 ms.
Unloading 1566 Unused Serialized files (Serialized files now loaded: 0)
System memory in use before: 150.9 MB.
System memory in use after: 151.0 MB.

Unloading 27 unused Assets to reduce memory usage. Loaded Objects now: 2099.
Total: 1.192500 ms (FindLiveObjects: 0.119700 ms CreateObjectMapping: 0.043600 ms MarkObjects: 0.992800 ms  DeleteObjects: 0.035800 ms)

========================================================================
Received Import Request.
  Time since last request: 142.501272 seconds.
  path: Assets/Scripts/GameEnding.cs
  artifactKey: Guid(b911a1f9d04ecb343b5d13ba1075839e) Importer(815301076,1909f56bfc062723c751e8b465ee728b)
Start importing Assets/Scripts/GameEnding.cs using Guid(b911a1f9d04ecb343b5d13ba1075839e) Importer(815301076,1909f56bfc062723c751e8b465ee728b)  -> (artifact id: '722e264a85305174378392f89519b7df') in 0.005862 seconds
  Import took 0.008060 seconds .

========================================================================
Received Prepare
Registering precompiled user dll's ...
Registered in 0.001835 seconds.
Begin MonoManager ReloadAssembly
Native extension for WindowsStandalone target not found
Refreshing native plugins compatible for Editor in 0.35 ms, found 0 plugins.
Preloading 0 native plugins for Editor in 0.00 ms.
Invoked RoslynAnalysisRunner static constructor.
RoslynAnalysisRunner will not be running.
RoslynAnalysisRunner has terminated.
Mono: successfully reloaded assembly
- Completed reload, in  0.569 seconds
Platform modules already initialized, skipping
Refreshing native plugins compatible for Editor in 0.35 ms, found 0 plugins.
Preloading 0 native plugins for Editor in 0.00 ms.
Unloading 1566 Unused Serialized files (Serialized files now loaded: 0)
System memory in use before: 151.3 MB.
System memory in use after: 151.4 MB.

Unloading 27 unused Assets to reduce memory usage. Loaded Objects now: 2101.
Total: 1.252300 ms (FindLiveObjects: 0.127700 ms CreateObjectMapping: 0.044700 ms MarkObjects: 1.036900 ms  DeleteObjects: 0.042200 ms)

========================================================================
Received Prepare
Registering precompiled user dll's ...
Registered in 0.001879 seconds.
Begin MonoManager ReloadAssembly
Native extension for WindowsStandalone target not found
Refreshing native plugins compatible for Editor in 0.35 ms, found 0 plugins.
Preloading 0 native plugins for Editor in 0.00 ms.
Invoked RoslynAnalysisRunner static constructor.
RoslynAnalysisRunner will not be running.
RoslynAnalysisRunner has terminated.
Mono: successfully reloaded assembly
- Completed reload, in  0.584 seconds
Platform modules already initialized, skipping
Refreshing native plugins compatible for Editor in 0.34 ms, found 0 plugins.
Preloading 0 native plugins for Editor in 0.00 ms.
Unloading 1566 Unused Serialized files (Serialized files now loaded: 0)
System memory in use before: 151.1 MB.
System memory in use after: 151.2 MB.

Unloading 27 unused Assets to reduce memory usage. Loaded Objects now: 2103.
Total: 1.276700 ms (FindLiveObjects: 0.136200 ms CreateObjectMapping: 0.049800 ms MarkObjects: 1.049000 ms  DeleteObjects: 0.041000 ms)

========================================================================
Received Import Request.
  Time since last request: 146.513405 seconds.
  path: Assets/Scripts/GameEnding.cs
  artifactKey: Guid(b911a1f9d04ecb343b5d13ba1075839e) Importer(815301076,1909f56bfc062723c751e8b465ee728b)
Start importing Assets/Scripts/GameEnding.cs using Guid(b911a1f9d04ecb343b5d13ba1075839e) Importer(815301076,1909f56bfc062723c751e8b465ee728b)  -> (artifact id: '5a539582091dafcc2825edaa7910382e') in 0.002888 seconds
  Import took 0.004772 seconds .

========================================================================
Received Prepare
Registering precompiled user dll's ...
Registered in 0.001817 seconds.
Begin MonoManager ReloadAssembly
Native extension for WindowsStandalone target not found
Refreshing native plugins compatible for Editor in 0.38 ms, found 0 plugins.
Preloading 0 native plugins for Editor in 0.00 ms.
Invoked RoslynAnalysisRunner static constructor.
RoslynAnalysisRunner will not be running.
RoslynAnalysisRunner has terminated.
Mono: successfully reloaded assembly
- Completed reload, in  0.571 seconds
Platform modules already initialized, skipping
Refreshing native plugins compatible for Editor in 0.36 ms, found 0 plugins.
Preloading 0 native plugins for Editor in 0.00 ms.
Unloading 1566 Unused Serialized files (Serialized files now loaded: 0)
System memory in use before: 151.3 MB.
System memory in use after: 151.4 MB.

Unloading 27 unused Assets to reduce memory usage. Loaded Objects now: 2105.
Total: 1.297600 ms (FindLiveObjects: 0.132000 ms CreateObjectMapping: 0.045900 ms MarkObjects: 1.075900 ms  DeleteObjects: 0.043200 ms)

========================================================================
Received Prepare
Registering precompiled user dll's ...
Registered in 0.001818 seconds.
Begin MonoManager ReloadAssembly
Native extension for WindowsStandalone target not found
Refreshing native plugins compatible for Editor in 0.34 ms, found 0 plugins.
Preloading 0 native plugins for Editor in 0.00 ms.
Invoked RoslynAnalysisRunner static constructor.
RoslynAnalysisRunner will not be running.
RoslynAnalysisRunner has terminated.
Mono: successfully reloaded assembly
- Completed reload, in  0.566 seconds
Platform modules already initialized, skipping
Refreshing native plugins compatible for Editor in 0.34 ms, found 0 plugins.
Preloading 0 native plugins for Editor in 0.00 ms.
Unloading 1566 Unused Serialized files (Serialized files now loaded: 0)
System memory in use before: 151.3 MB.
System memory in use after: 151.4 MB.

Unloading 27 unused Assets to reduce memory usage. Loaded Objects now: 2107.
Total: 1.225000 ms (FindLiveObjects: 0.118700 ms CreateObjectMapping: 0.040700 ms MarkObjects: 1.023700 ms  DeleteObjects: 0.041300 ms)

========================================================================
Received Prepare
Registering precompiled user dll's ...
Registered in 0.001817 seconds.
Begin MonoManager ReloadAssembly
Native extension for WindowsStandalone target not found
Refreshing native plugins compatible for Editor in 0.35 ms, found 0 plugins.
Preloading 0 native plugins for Editor in 0.00 ms.
Invoked RoslynAnalysisRunner static constructor.
RoslynAnalysisRunner will not be running.
RoslynAnalysisRunner has terminated.
Mono: successfully reloaded assembly
- Completed reload, in  0.582 seconds
Platform modules already initialized, skipping
Refreshing native plugins compatible for Editor in 0.35 ms, found 0 plugins.
Preloading 0 native plugins for Editor in 0.00 ms.
Unloading 1566 Unused Serialized files (Serialized files now loaded: 0)
System memory in use before: 151.0 MB.
System memory in use after: 151.1 MB.

Unloading 27 unused Assets to reduce memory usage. Loaded Objects now: 2109.
Total: 1.379200 ms (FindLiveObjects: 0.158100 ms CreateObjectMapping: 0.062900 ms MarkObjects: 1.110800 ms  DeleteObjects: 0.046700 ms)

========================================================================
Received Prepare
Registering precompiled user dll's ...
Registered in 0.001824 seconds.
Begin MonoManager ReloadAssembly
Native extension for WindowsStandalone target not found
Refreshing native plugins compatible for Editor in 0.35 ms, found 0 plugins.
Preloading 0 native plugins for Editor in 0.00 ms.
Invoked RoslynAnalysisRunner static constructor.
RoslynAnalysisRunner will not be running.
RoslynAnalysisRunner has terminated.
Mono: successfully reloaded assembly
- Completed reload, in  0.572 seconds
Platform modules already initialized, skipping
Refreshing native plugins compatible for Editor in 0.35 ms, found 0 plugins.
Preloading 0 native plugins for Editor in 0.00 ms.
Unloading 1566 Unused Serialized files (Serialized files now loaded: 0)
System memory in use before: 151.3 MB.
System memory in use after: 151.4 MB.

Unloading 27 unused Assets to reduce memory usage. Loaded Objects now: 2111.
Total: 1.191600 ms (FindLiveObjects: 0.120300 ms CreateObjectMapping: 0.041000 ms MarkObjects: 0.990700 ms  DeleteObjects: 0.038900 ms)

========================================================================
Received Prepare
Registering precompiled user dll's ...
Registered in 0.001947 seconds.
Begin MonoManager ReloadAssembly
Native extension for WindowsStandalone target not found
Refreshing native plugins compatible for Editor in 0.34 ms, found 0 plugins.
Preloading 0 native plugins for Editor in 0.00 ms.
Invoked RoslynAnalysisRunner static constructor.
RoslynAnalysisRunner will not be running.
RoslynAnalysisRunner has terminated.
Mono: successfully reloaded assembly
- Completed reload, in  0.567 seconds
Platform modules already initialized, skipping
Refreshing native plugins compatible for Editor in 0.37 ms, found 0 plugins.
Preloading 0 native plugins for Editor in 0.00 ms.
Unloading 1566 Unused Serialized files (Serialized files now loaded: 0)
System memory in use before: 151.2 MB.
System memory in use after: 151.3 MB.

Unloading 27 unused Assets to reduce memory usage. Loaded Objects now: 2113.
Total: 1.315400 ms (FindLiveObjects: 0.147300 ms CreateObjectMapping: 0.045600 ms MarkObjects: 1.073700 ms  DeleteObjects: 0.048100 ms)

========================================================================
Received Import Request.
  Time since last request: 1561.107379 seconds.
  path: Assets/Prefabs/Gargoyle.prefab
  artifactKey: Guid(0c8b384303d7b7a4e8c312f583e55c9d) Importer(815301076,1909f56bfc062723c751e8b465ee728b)
Start importing Assets/Prefabs/Gargoyle.prefab using Guid(0c8b384303d7b7a4e8c312f583e55c9d) Importer(815301076,1909f56bfc062723c751e8b465ee728b)  -> (artifact id: 'ec461f7d4788a0b4a15ca82ff87c9377') in 0.061577 seconds
  Import took 0.063734 seconds .

========================================================================
Received Import Request.
  Time since last request: 103.155446 seconds.
  path: Assets/Animation/Animators/Gargoyle.controller
  artifactKey: Guid(cbadac02d976a2e4ca862f468ae88a29) Importer(815301076,1909f56bfc062723c751e8b465ee728b)
Start importing Assets/Animation/Animators/Gargoyle.controller using Guid(cbadac02d976a2e4ca862f468ae88a29) Importer(815301076,1909f56bfc062723c751e8b465ee728b)  -> (artifact id: 'a721af6bae53842a4e5c89c1eed46c92') in 0.004084 seconds
  Import took 0.006029 seconds .

========================================================================
Received Prepare
Registering precompiled user dll's ...
Registered in 0.001898 seconds.
Begin MonoManager ReloadAssembly
Native extension for WindowsStandalone target not found
Refreshing native plugins compatible for Editor in 0.35 ms, found 0 plugins.
Preloading 0 native plugins for Editor in 0.00 ms.
Invoked RoslynAnalysisRunner static constructor.
RoslynAnalysisRunner will not be running.
RoslynAnalysisRunner has terminated.
Mono: successfully reloaded assembly
- Completed reload, in  0.566 seconds
Platform modules already initialized, skipping
Refreshing native plugins compatible for Editor in 0.36 ms, found 0 plugins.
Preloading 0 native plugins for Editor in 0.00 ms.
Unloading 1566 Unused Serialized files (Serialized files now loaded: 0)
System memory in use before: 151.4 MB.
System memory in use after: 151.5 MB.

Unloading 27 unused Assets to reduce memory usage. Loaded Objects now: 2116.
Total: 1.375600 ms (FindLiveObjects: 0.192900 ms CreateObjectMapping: 0.048100 ms MarkObjects: 1.088000 ms  DeleteObjects: 0.045600 ms)

========================================================================
Received Import Request.
  Time since last request: 186.039080 seconds.
  path: Assets/Animation/Animators/Gargoyle.controller
  artifactKey: Guid(cbadac02d976a2e4ca862f468ae88a29) Importer(815301076,1909f56bfc062723c751e8b465ee728b)
Start importing Assets/Animation/Animators/Gargoyle.controller using Guid(cbadac02d976a2e4ca862f468ae88a29) Importer(815301076,1909f56bfc062723c751e8b465ee728b)  -> (artifact id: '88d52157ce2b151f23542986608b4720') in 0.015534 seconds
  Import took 0.017618 seconds .

========================================================================
Received Prepare
Registering precompiled user dll's ...
Registered in 0.001823 seconds.
Begin MonoManager ReloadAssembly
Native extension for WindowsStandalone target not found
Refreshing native plugins compatible for Editor in 0.34 ms, found 0 plugins.
Preloading 0 native plugins for Editor in 0.00 ms.
Invoked RoslynAnalysisRunner static constructor.
RoslynAnalysisRunner will not be running.
RoslynAnalysisRunner has terminated.
Mono: successfully reloaded assembly
- Completed reload, in  0.566 seconds
Platform modules already initialized, skipping
Refreshing native plugins compatible for Editor in 0.36 ms, found 0 plugins.
Preloading 0 native plugins for Editor in 0.00 ms.
Unloading 1566 Unused Serialized files (Serialized files now loaded: 0)
System memory in use before: 151.4 MB.
System memory in use after: 151.5 MB.

Unloading 27 unused Assets to reduce memory usage. Loaded Objects now: 2118.
Total: 1.227000 ms (FindLiveObjects: 0.121600 ms CreateObjectMapping: 0.041000 ms MarkObjects: 1.020900 ms  DeleteObjects: 0.042900 ms)

========================================================================
Received Import Request.
  Time since last request: 81.407528 seconds.
  path: Assets/Prefabs/Gargoyle.prefab
  artifactKey: Guid(0c8b384303d7b7a4e8c312f583e55c9d) Importer(815301076,1909f56bfc062723c751e8b465ee728b)
Start importing Assets/Prefabs/Gargoyle.prefab using Guid(0c8b384303d7b7a4e8c312f583e55c9d) Importer(815301076,1909f56bfc062723c751e8b465ee728b)  -> (artifact id: 'd0de2fb3928a34094eada9052537610f') in 0.051644 seconds
  Import took 0.053795 seconds .

========================================================================
Received Prepare
Registering precompiled user dll's ...
Registered in 0.001875 seconds.
Begin MonoManager ReloadAssembly
Native extension for WindowsStandalone target not found
Refreshing native plugins compatible for Editor in 0.34 ms, found 0 plugins.
Preloading 0 native plugins for Editor in 0.00 ms.
Invoked RoslynAnalysisRunner static constructor.
RoslynAnalysisRunner will not be running.
RoslynAnalysisRunner has terminated.
Mono: successfully reloaded assembly
- Completed reload, in  0.557 seconds
Platform modules already initialized, skipping
Refreshing native plugins compatible for Editor in 0.37 ms, found 0 plugins.
Preloading 0 native plugins for Editor in 0.00 ms.
Unloading 1566 Unused Serialized files (Serialized files now loaded: 0)
System memory in use before: 151.2 MB.
System memory in use after: 151.3 MB.

Unloading 27 unused Assets to reduce memory usage. Loaded Objects now: 2121.
Total: 1.234900 ms (FindLiveObjects: 0.131600 ms CreateObjectMapping: 0.041600 ms MarkObjects: 1.019400 ms  DeleteObjects: 0.041600 ms)

========================================================================
Received Prepare
Registering precompiled user dll's ...
Registered in 0.001949 seconds.
Begin MonoManager ReloadAssembly
Native extension for WindowsStandalone target not found
Refreshing native plugins compatible for Editor in 0.34 ms, found 0 plugins.
Preloading 0 native plugins for Editor in 0.00 ms.
Invoked RoslynAnalysisRunner static constructor.
RoslynAnalysisRunner will not be running.
RoslynAnalysisRunner has terminated.
Mono: successfully reloaded assembly
- Completed reload, in  0.573 seconds
Platform modules already initialized, skipping
Refreshing native plugins compatible for Editor in 0.36 ms, found 0 plugins.
Preloading 0 native plugins for Editor in 0.00 ms.
Unloading 1566 Unused Serialized files (Serialized files now loaded: 0)
System memory in use before: 151.4 MB.
System memory in use after: 151.5 MB.

Unloading 27 unused Assets to reduce memory usage. Loaded Objects now: 2123.
Total: 1.397000 ms (FindLiveObjects: 0.182200 ms CreateObjectMapping: 0.048400 ms MarkObjects: 1.119900 ms  DeleteObjects: 0.045900 ms)

========================================================================
Received Prepare
Registering precompiled user dll's ...
Registered in 0.001869 seconds.
Begin MonoManager ReloadAssembly
Native extension for WindowsStandalone target not found
Refreshing native plugins compatible for Editor in 0.34 ms, found 0 plugins.
Preloading 0 native plugins for Editor in 0.00 ms.
Invoked RoslynAnalysisRunner static constructor.
RoslynAnalysisRunner will not be running.
RoslynAnalysisRunner has terminated.
Mono: successfully reloaded assembly
- Completed reload, in  0.561 seconds
Platform modules already initialized, skipping
Refreshing native plugins compatible for Editor in 0.36 ms, found 0 plugins.
Preloading 0 native plugins for Editor in 0.00 ms.
Unloading 1566 Unused Serialized files (Serialized files now loaded: 0)
System memory in use before: 151.4 MB.
System memory in use after: 151.5 MB.

Unloading 27 unused Assets to reduce memory usage. Loaded Objects now: 2125.
Total: 1.396700 ms (FindLiveObjects: 0.122400 ms CreateObjectMapping: 0.044600 ms MarkObjects: 1.180500 ms  DeleteObjects: 0.048600 ms)

========================================================================
Received Import Request.
  Time since last request: 121.929320 seconds.
  path: Assets/Animation/Animators/Gargoyle.controller
  artifactKey: Guid(cbadac02d976a2e4ca862f468ae88a29) Importer(815301076,1909f56bfc062723c751e8b465ee728b)
Start importing Assets/Animation/Animators/Gargoyle.controller using Guid(cbadac02d976a2e4ca862f468ae88a29) Importer(815301076,1909f56bfc062723c751e8b465ee728b)  -> (artifact id: 'b9452e9c5a07cef48e9d7d5cbef8853f') in 0.010780 seconds
  Import took 0.012750 seconds .

========================================================================
Received Import Request.
  Time since last request: 4.776640 seconds.
  path: Assets/Animation/Animators/Gargoyle.controller
  artifactKey: Guid(cbadac02d976a2e4ca862f468ae88a29) Importer(815301076,1909f56bfc062723c751e8b465ee728b)
Start importing Assets/Animation/Animators/Gargoyle.controller using Guid(cbadac02d976a2e4ca862f468ae88a29) Importer(815301076,1909f56bfc062723c751e8b465ee728b)  -> (artifact id: 'f949aad8a33048899f6010954983eea1') in 0.007667 seconds
  Import took 0.009610 seconds .

========================================================================
Received Import Request.
  Time since last request: 3.877773 seconds.
  path: Assets/Prefabs/Gargoyle.prefab
  artifactKey: Guid(0c8b384303d7b7a4e8c312f583e55c9d) Importer(815301076,1909f56bfc062723c751e8b465ee728b)
Start importing Assets/Prefabs/Gargoyle.prefab using Guid(0c8b384303d7b7a4e8c312f583e55c9d) Importer(815301076,1909f56bfc062723c751e8b465ee728b)  -> (artifact id: '3574d8443e5f38b08d51ffde178e3de2') in 0.041230 seconds
  Import took 0.043315 seconds .

========================================================================
Received Prepare
Registering precompiled user dll's ...
Registered in 0.001808 seconds.
Begin MonoManager ReloadAssembly
Native extension for WindowsStandalone target not found
Refreshing native plugins compatible for Editor in 0.35 ms, found 0 plugins.
Preloading 0 native plugins for Editor in 0.00 ms.
Invoked RoslynAnalysisRunner static constructor.
RoslynAnalysisRunner will not be running.
RoslynAnalysisRunner has terminated.
Mono: successfully reloaded assembly
- Completed reload, in  0.566 seconds
Platform modules already initialized, skipping
Refreshing native plugins compatible for Editor in 0.37 ms, found 0 plugins.
Preloading 0 native plugins for Editor in 0.00 ms.
Unloading 1566 Unused Serialized files (Serialized files now loaded: 0)
System memory in use before: 151.1 MB.
System memory in use after: 151.2 MB.

Unloading 27 unused Assets to reduce memory usage. Loaded Objects now: 2128.
Total: 1.267300 ms (FindLiveObjects: 0.129400 ms CreateObjectMapping: 0.047000 ms MarkObjects: 1.047800 ms  DeleteObjects: 0.042500 ms)

========================================================================
Received Prepare
Registering precompiled user dll's ...
Registered in 0.001924 seconds.
Begin MonoManager ReloadAssembly
Native extension for WindowsStandalone target not found
Refreshing native plugins compatible for Editor in 0.35 ms, found 0 plugins.
Preloading 0 native plugins for Editor in 0.00 ms.
Invoked RoslynAnalysisRunner static constructor.
RoslynAnalysisRunner will not be running.
RoslynAnalysisRunner has terminated.
Mono: successfully reloaded assembly
- Completed reload, in  0.555 seconds
Platform modules already initialized, skipping
Refreshing native plugins compatible for Editor in 0.37 ms, found 0 plugins.
Preloading 0 native plugins for Editor in 0.00 ms.
Unloading 1566 Unused Serialized files (Serialized files now loaded: 0)
System memory in use before: 151.4 MB.
System memory in use after: 151.5 MB.

Unloading 27 unused Assets to reduce memory usage. Loaded Objects now: 2130.
Total: 1.437100 ms (FindLiveObjects: 0.172000 ms CreateObjectMapping: 0.055200 ms MarkObjects: 1.155200 ms  DeleteObjects: 0.053700 ms)
=======
- Completed reload, in  2.282 seconds
Platform modules already initialized, skipping
========================================================================
Worker process is ready to serve import requests
Launched and connected shader compiler UnityShaderCompiler.exe after 0.12 seconds
Refreshing native plugins compatible for Editor in 0.86 ms, found 0 plugins.
Preloading 0 native plugins for Editor in 0.00 ms.
Unloading 1602 Unused Serialized files (Serialized files now loaded: 0)
System memory in use before: 148.6 MB.
System memory in use after: 148.6 MB.

Unloading 36 unused Assets to reduce memory usage. Loaded Objects now: 2034.
Total: 3.078800 ms (FindLiveObjects: 0.264900 ms CreateObjectMapping: 0.115700 ms MarkObjects: 2.565000 ms  DeleteObjects: 0.131500 ms)

========================================================================
Received Import Request.
  path: Assets/Materials/VFX/PlaneFog.mat
  artifactKey: Guid(061fb137bedaf3e4fad039b9006afa93) Importer(815301076,1909f56bfc062723c751e8b465ee728b)
Start importing Assets/Materials/VFX/PlaneFog.mat using Guid(061fb137bedaf3e4fad039b9006afa93) Importer(815301076,1909f56bfc062723c751e8b465ee728b)  -> (artifact id: '7652ad8d98af9c71f901574b4fe7f495') in 0.387837 seconds
  Import took 0.393552 seconds .

========================================================================
Received Import Request.
  Time since last request: 0.000866 seconds.
  path: Assets/Materials/VFX/Skybox.mat
  artifactKey: Guid(6ee0d89101b323c4ea17b397eea7fb49) Importer(815301076,1909f56bfc062723c751e8b465ee728b)
Start importing Assets/Materials/VFX/Skybox.mat using Guid(6ee0d89101b323c4ea17b397eea7fb49) Importer(815301076,1909f56bfc062723c751e8b465ee728b)  -> (artifact id: '3fed12274be438a224cdf9105b042f09') in 0.037211 seconds
  Import took 0.043942 seconds .

========================================================================
Received Import Request.
  Time since last request: 0.000480 seconds.
  path: Assets/Materials/VFX/Emissive.mat
  artifactKey: Guid(effb672a2c71f0c40b7b1960d798968a) Importer(815301076,1909f56bfc062723c751e8b465ee728b)
Start importing Assets/Materials/VFX/Emissive.mat using Guid(effb672a2c71f0c40b7b1960d798968a) Importer(815301076,1909f56bfc062723c751e8b465ee728b)  -> (artifact id: '2c956879ac4b883fe264f71c1984f649') in 0.033722 seconds
  Import took 0.041717 seconds .

========================================================================
Received Import Request.
  Time since last request: 0.000378 seconds.
  path: Assets/Materials/VFX/Steam.mat
  artifactKey: Guid(4cd7f6cf6430b2347803bd0c957fbbce) Importer(815301076,1909f56bfc062723c751e8b465ee728b)
Start importing Assets/Materials/VFX/Steam.mat using Guid(4cd7f6cf6430b2347803bd0c957fbbce) Importer(815301076,1909f56bfc062723c751e8b465ee728b)  -> (artifact id: '17853d0f5693204f19966cbc80a0dfc1') in 0.030038 seconds
  Import took 0.036503 seconds .

========================================================================
Received Import Request.
  Time since last request: 0.000357 seconds.
  path: Assets/Materials/VFX/Splash.mat
  artifactKey: Guid(e9f88b6d5b7b7f24c8b3dc6b70f06653) Importer(815301076,1909f56bfc062723c751e8b465ee728b)
Start importing Assets/Materials/VFX/Splash.mat using Guid(e9f88b6d5b7b7f24c8b3dc6b70f06653) Importer(815301076,1909f56bfc062723c751e8b465ee728b)  -> (artifact id: '2c0a164f5fefdc32c22742f5825dfa13') in 3.275457 seconds
  Import took 3.281734 seconds .

========================================================================
Received Import Request.
  Time since last request: 0.000303 seconds.
  path: Assets/Materials/VFX
  artifactKey: Guid(4bd7fa3ff3f6ed44dacdf08d77e9f34f) Importer(815301076,1909f56bfc062723c751e8b465ee728b)
Start importing Assets/Materials/VFX using Guid(4bd7fa3ff3f6ed44dacdf08d77e9f34f) Importer(815301076,1909f56bfc062723c751e8b465ee728b)  -> (artifact id: '68a33e1924ab2a798dc58eb89eb4bd15') in 0.012368 seconds
  Import took 0.016789 seconds .

========================================================================
Received Import Request.
  Time since last request: 487.943724 seconds.
  path: Assets/Materials/VFX/Emissive.mat
  artifactKey: Guid(effb672a2c71f0c40b7b1960d798968a) Importer(815301076,1909f56bfc062723c751e8b465ee728b)
Start importing Assets/Materials/VFX/Emissive.mat using Guid(effb672a2c71f0c40b7b1960d798968a) Importer(815301076,1909f56bfc062723c751e8b465ee728b)  -> (artifact id: 'fb7ed367103ee5b846cf6f50324c5904') in 0.029340 seconds
  Import took 0.034853 seconds .

========================================================================
Received Import Request.
  Time since last request: 1239.882885 seconds.
  path: Assets/New Lighting Settings.lighting
  artifactKey: Guid(a981f4b32ce4b2444a436477f0209b54) Importer(815301076,1909f56bfc062723c751e8b465ee728b)
Start importing Assets/New Lighting Settings.lighting using Guid(a981f4b32ce4b2444a436477f0209b54) Importer(815301076,1909f56bfc062723c751e8b465ee728b)  -> (artifact id: '176b4bd596c3a6b9d38e577ead5141f0') in 0.025998 seconds
  Import took 0.037455 seconds .

========================================================================
Received Import Request.
  Time since last request: 36.632615 seconds.
  path: Assets/New Lighting Settings.lighting
  artifactKey: Guid(a981f4b32ce4b2444a436477f0209b54) Importer(815301076,1909f56bfc062723c751e8b465ee728b)
Start importing Assets/New Lighting Settings.lighting using Guid(a981f4b32ce4b2444a436477f0209b54) Importer(815301076,1909f56bfc062723c751e8b465ee728b)  -> (artifact id: '83a849678c750d5ee5274020e06379b4') in 0.008538 seconds
  Import took 0.016088 seconds .
>>>>>>> 0870074186dd797031e70c53e85877a54957a397

========================================================================
Received Prepare
Registering precompiled user dll's ...
<<<<<<< HEAD
Registered in 0.001809 seconds.
=======
Registered in 0.008111 seconds.
>>>>>>> 0870074186dd797031e70c53e85877a54957a397
Begin MonoManager ReloadAssembly
Native extension for WindowsStandalone target not found
Refreshing native plugins compatible for Editor in 0.87 ms, found 0 plugins.
Preloading 0 native plugins for Editor in 0.00 ms.
Invoked RoslynAnalysisRunner static constructor.
RoslynAnalysisRunner will not be running.
RoslynAnalysisRunner has terminated.
Mono: successfully reloaded assembly
<<<<<<< HEAD
- Completed reload, in  0.563 seconds
=======
- Completed reload, in  1.990 seconds
>>>>>>> 0870074186dd797031e70c53e85877a54957a397
Platform modules already initialized, skipping
Refreshing native plugins compatible for Editor in 1.11 ms, found 0 plugins.
Preloading 0 native plugins for Editor in 0.00 ms.
Unloading 1566 Unused Serialized files (Serialized files now loaded: 0)
<<<<<<< HEAD
System memory in use before: 151.4 MB.
System memory in use after: 151.5 MB.

Unloading 27 unused Assets to reduce memory usage. Loaded Objects now: 2132.
Total: 1.393600 ms (FindLiveObjects: 0.166300 ms CreateObjectMapping: 0.054500 ms MarkObjects: 1.128000 ms  DeleteObjects: 0.044100 ms)
=======
System memory in use before: 150.0 MB.
System memory in use after: 150.1 MB.

Unloading 27 unused Assets to reduce memory usage. Loaded Objects now: 2078.
Total: 3.590300 ms (FindLiveObjects: 0.324900 ms CreateObjectMapping: 0.138000 ms MarkObjects: 2.963500 ms  DeleteObjects: 0.162000 ms)
>>>>>>> 0870074186dd797031e70c53e85877a54957a397

AssetImportWorkerClient::OnTransportError - code=2 error=End of file
